<?xml version="1.0" encoding="UTF-8"?>
<coverage generated="1533087526715" clover="3.2.0">
  <project timestamp="1533087526715" name="All files">
    <metrics statements="131" coveredstatements="43" conditionals="51" coveredconditionals="9" methods="58" coveredmethods="12" elements="240" coveredelements="64" complexity="0" loc="131" ncloc="131" packages="4" files="11" classes="11">
      <package name="src">
        <metrics statements="26" coveredstatements="1" conditionals="8" coveredconditionals="0" methods="3" coveredmethods="0"/>
        <file name="configStore.js" path="C:\Users\Y\Desktop\BikesApp\src\configStore.js">
          <metrics statements="13" coveredstatements="0" conditionals="4" coveredconditionals="0" methods="2" coveredmethods="0"/>
          <line num="1" count="0" type="stmt"/>
          <line num="2" count="0" type="stmt"/>
          <line num="3" count="0" type="stmt"/>
          <line num="4" count="0" type="stmt"/>
          <line num="5" count="0" type="stmt"/>
          <line num="6" count="0" type="cond" truecount="0" falsecount="4"/>
          <line num="9" count="0" type="stmt"/>
          <line num="12" count="0" type="stmt"/>
          <line num="17" count="0" type="stmt"/>
          <line num="22" count="0" type="stmt"/>
          <line num="29" count="0" type="stmt"/>
          <line num="30" count="0" type="stmt"/>
          <line num="31" count="0" type="stmt"/>
        </file>
        <file name="index.js" path="C:\Users\Y\Desktop\BikesApp\src\index.js">
          <metrics statements="12" coveredstatements="0" conditionals="4" coveredconditionals="0" methods="1" coveredmethods="0"/>
          <line num="1" count="0" type="stmt"/>
          <line num="2" count="0" type="stmt"/>
          <line num="3" count="0" type="stmt"/>
          <line num="4" count="0" type="stmt"/>
          <line num="5" count="0" type="stmt"/>
          <line num="6" count="0" type="stmt"/>
          <line num="7" count="0" type="stmt"/>
          <line num="8" count="0" type="cond" truecount="0" falsecount="4"/>
          <line num="11" count="0" type="stmt"/>
          <line num="14" count="0" type="stmt"/>
          <line num="17" count="0" type="stmt"/>
          <line num="27" count="0" type="stmt"/>
        </file>
        <file name="setupTests.js" path="C:\Users\Y\Desktop\BikesApp\src\setupTests.js">
          <metrics statements="1" coveredstatements="1" conditionals="0" coveredconditionals="0" methods="0" coveredmethods="0"/>
          <line num="4" count="4" type="stmt"/>
        </file>
      </package>
      <package name="src.components">
        <metrics statements="21" coveredstatements="12" conditionals="2" coveredconditionals="1" methods="11" coveredmethods="2"/>
        <file name="BikeCard.js" path="C:\Users\Y\Desktop\BikesApp\src\components\BikeCard.js">
          <metrics statements="5" coveredstatements="3" conditionals="0" coveredconditionals="0" methods="2" coveredmethods="0"/>
          <line num="20" count="1" type="stmt"/>
          <line num="38" count="1" type="stmt"/>
          <line num="79" count="0" type="stmt"/>
          <line num="81" count="0" type="stmt"/>
          <line num="116" count="1" type="stmt"/>
        </file>
        <file name="FilterBikes.js" path="C:\Users\Y\Desktop\BikesApp\src\components\FilterBikes.js">
          <metrics statements="16" coveredstatements="9" conditionals="2" coveredconditionals="1" methods="9" coveredmethods="2"/>
          <line num="15" count="2" type="stmt"/>
          <line num="34" count="2" type="stmt"/>
          <line num="44" count="1" type="stmt"/>
          <line num="45" count="1" type="stmt"/>
          <line num="49" count="0" type="stmt"/>
          <line num="53" count="0" type="stmt"/>
          <line num="57" count="0" type="stmt"/>
          <line num="61" count="0" type="stmt"/>
          <line num="65" count="1" type="stmt"/>
          <line num="66" count="1" type="stmt"/>
          <line num="68" count="1" type="stmt"/>
          <line num="83" count="0" type="stmt"/>
          <line num="88" count="0" type="stmt"/>
          <line num="89" count="0" type="stmt"/>
          <line num="103" count="2" type="stmt"/>
          <line num="104" count="2" type="stmt"/>
        </file>
      </package>
      <package name="src.containers">
        <metrics statements="13" coveredstatements="3" conditionals="4" coveredconditionals="0" methods="7" coveredmethods="1"/>
        <file name="App.js" path="C:\Users\Y\Desktop\BikesApp\src\containers\App.js">
          <metrics statements="1" coveredstatements="1" conditionals="0" coveredconditionals="0" methods="1" coveredmethods="1"/>
          <line num="8" count="1" type="stmt"/>
        </file>
        <file name="Bikes.js" path="C:\Users\Y\Desktop\BikesApp\src\containers\Bikes.js">
          <metrics statements="12" coveredstatements="2" conditionals="4" coveredconditionals="0" methods="6" coveredmethods="0"/>
          <line num="20" count="0" type="stmt"/>
          <line num="24" count="0" type="stmt"/>
          <line num="26" count="0" type="cond" truecount="0" falsecount="2"/>
          <line num="27" count="0" type="stmt"/>
          <line num="30" count="0" type="cond" truecount="0" falsecount="2"/>
          <line num="31" count="0" type="stmt"/>
          <line num="34" count="0" type="stmt"/>
          <line num="39" count="0" type="stmt"/>
          <line num="43" count="0" type="stmt"/>
          <line num="60" count="1" type="stmt"/>
          <line num="69" count="1" type="stmt"/>
          <line num="70" count="0" type="stmt"/>
        </file>
      </package>
      <package name="src.manager">
        <metrics statements="71" coveredstatements="27" conditionals="37" coveredconditionals="8" methods="37" coveredmethods="9"/>
        <file name="actions.js" path="C:\Users\Y\Desktop\BikesApp\src\manager\actions.js">
          <metrics statements="22" coveredstatements="9" conditionals="2" coveredconditionals="0" methods="10" coveredmethods="2"/>
          <line num="2" count="2" type="stmt"/>
          <line num="6" count="2" type="stmt"/>
          <line num="7" count="2" type="stmt"/>
          <line num="8" count="2" type="stmt"/>
          <line num="9" count="2" type="stmt"/>
          <line num="13" count="2" type="stmt"/>
          <line num="20" count="2" type="stmt"/>
          <line num="25" count="2" type="stmt"/>
          <line num="31" count="2" type="stmt"/>
          <line num="39" count="0" type="cond" truecount="0" falsecount="2"/>
          <line num="40" count="0" type="stmt"/>
          <line num="42" count="0" type="stmt"/>
          <line num="47" count="0" type="stmt"/>
          <line num="48" count="0" type="stmt"/>
          <line num="50" count="0" type="stmt"/>
          <line num="51" count="0" type="stmt"/>
          <line num="53" count="0" type="stmt"/>
          <line num="55" count="0" type="stmt"/>
          <line num="57" count="0" type="stmt"/>
          <line num="58" count="0" type="stmt"/>
          <line num="59" count="0" type="stmt"/>
          <line num="61" count="0" type="stmt"/>
        </file>
        <file name="reducers.js" path="C:\Users\Y\Desktop\BikesApp\src\manager\reducers.js">
          <metrics statements="16" coveredstatements="0" conditionals="6" coveredconditionals="0" methods="5" coveredmethods="0"/>
          <line num="1" count="0" type="stmt"/>
          <line num="21" count="0" type="stmt"/>
          <line num="22" count="0" type="stmt"/>
          <line num="24" count="0" type="cond" truecount="0" falsecount="6"/>
          <line num="26" count="0" type="stmt"/>
          <line num="28" count="0" type="stmt"/>
          <line num="30" count="0" type="stmt"/>
          <line num="32" count="0" type="stmt"/>
          <line num="38" count="0" type="stmt"/>
          <line num="39" count="0" type="stmt"/>
          <line num="47" count="0" type="stmt"/>
          <line num="48" count="0" type="stmt"/>
          <line num="56" count="0" type="stmt"/>
          <line num="57" count="0" type="stmt"/>
          <line num="65" count="0" type="stmt"/>
          <line num="66" count="0" type="stmt"/>
        </file>
        <file name="registerServiceWorker.js" path="C:\Users\Y\Desktop\BikesApp\src\manager\registerServiceWorker.js">
          <metrics statements="15" coveredstatements="0" conditionals="21" coveredconditionals="0" methods="15" coveredmethods="0"/>
          <line num="1" count="0" type="stmt"/>
          <line num="21" count="0" type="stmt"/>
          <line num="118" count="0" type="cond" truecount="0" falsecount="3"/>
          <line num="120" count="0" type="cond" truecount="0" falsecount="4"/>
          <line num="121" count="0" type="cond" truecount="0" falsecount="2"/>
          <line num="124" count="0" type="cond" truecount="0" falsecount="2"/>
          <line num="125" count="0" type="stmt"/>
          <line num="127" count="0" type="stmt"/>
          <line num="128" count="0" type="cond" truecount="0" falsecount="4"/>
          <line num="132" count="0" type="stmt"/>
          <line num="135" count="0" type="stmt"/>
          <line num="136" count="0" type="stmt"/>
          <line num="137" count="0" type="cond" truecount="0" falsecount="4"/>
          <line num="138" count="0" type="stmt"/>
          <line num="139" count="0" type="cond" truecount="0" falsecount="2"/>
        </file>
        <file name="selectors.js" path="C:\Users\Y\Desktop\BikesApp\src\manager\selectors.js">
          <metrics statements="18" coveredstatements="18" conditionals="8" coveredconditionals="8" methods="7" coveredmethods="7"/>
          <line num="4" count="2" type="stmt"/>
          <line num="5" count="1" type="stmt"/>
          <line num="6" count="1" type="stmt"/>
          <line num="7" count="2" type="stmt"/>
          <line num="8" count="4" type="cond" truecount="2" falsecount="0"/>
          <line num="9" count="3" type="stmt"/>
          <line num="13" count="1" type="stmt"/>
          <line num="22" count="2" type="stmt"/>
          <line num="23" count="3" type="cond" truecount="2" falsecount="0"/>
          <line num="24" count="1" type="stmt"/>
          <line num="26" count="2" type="stmt"/>
          <line num="27" count="2" type="stmt"/>
          <line num="28" count="4" type="stmt"/>
          <line num="29" count="8" type="cond" truecount="4" falsecount="0"/>
          <line num="30" count="3" type="stmt"/>
          <line num="34" count="2" type="stmt"/>
          <line num="41" count="2" type="stmt"/>
          <line num="42" count="1" type="stmt"/>
        </file>
      </package>
    </metrics>
  </project>
</coverage>
