<?xml version="1.0" encoding="UTF-8"?>
<coverage generated="1533170557850" clover="3.2.0">
  <project timestamp="1533170557850" name="All files">
    <metrics statements="139" coveredstatements="73" conditionals="51" coveredconditionals="19" methods="61" coveredmethods="23" elements="251" coveredelements="115" complexity="0" loc="139" ncloc="139" packages="4" files="13" classes="13">
      <package name="src">
        <metrics statements="28" coveredstatements="1" conditionals="8" coveredconditionals="0" methods="3" coveredmethods="0"/>
        <file name="configStore.js" path="C:\Users\Y\Desktop\BikesApp\src\configStore.js">
          <metrics statements="14" coveredstatements="0" conditionals="4" coveredconditionals="0" methods="2" coveredmethods="0"/>
          <line num="1" count="0" type="stmt"/>
          <line num="8" count="0" type="stmt"/>
          <line num="9" count="0" type="stmt"/>
          <line num="10" count="0" type="stmt"/>
          <line num="11" count="0" type="stmt"/>
          <line num="12" count="0" type="stmt"/>
          <line num="13" count="0" type="cond" truecount="0" falsecount="4"/>
          <line num="23" count="0" type="stmt"/>
          <line num="25" count="0" type="stmt"/>
          <line num="28" count="0" type="stmt"/>
          <line num="36" count="0" type="stmt"/>
          <line num="43" count="0" type="stmt"/>
          <line num="44" count="0" type="stmt"/>
          <line num="45" count="0" type="stmt"/>
        </file>
        <file name="index.js" path="C:\Users\Y\Desktop\BikesApp\src\index.js">
          <metrics statements="13" coveredstatements="0" conditionals="4" coveredconditionals="0" methods="1" coveredmethods="0"/>
          <line num="1" count="0" type="stmt"/>
          <line num="6" count="0" type="stmt"/>
          <line num="7" count="0" type="stmt"/>
          <line num="8" count="0" type="stmt"/>
          <line num="9" count="0" type="stmt"/>
          <line num="10" count="0" type="stmt"/>
          <line num="11" count="0" type="stmt"/>
          <line num="12" count="0" type="stmt"/>
          <line num="13" count="0" type="cond" truecount="0" falsecount="4"/>
          <line num="23" count="0" type="stmt"/>
          <line num="28" count="0" type="stmt"/>
          <line num="33" count="0" type="stmt"/>
          <line num="45" count="0" type="stmt"/>
        </file>
        <file name="setupTests.js" path="C:\Users\Y\Desktop\BikesApp\src\setupTests.js">
          <metrics statements="1" coveredstatements="1" conditionals="0" coveredconditionals="0" methods="0" coveredmethods="0"/>
          <line num="10" count="8" type="stmt"/>
        </file>
      </package>
      <package name="src.components">
        <metrics statements="39" coveredstatements="25" conditionals="6" coveredconditionals="3" methods="17" coveredmethods="6"/>
        <file name="App.js" path="C:\Users\Y\Desktop\BikesApp\src\components\App.js">
          <metrics statements="1" coveredstatements="1" conditionals="0" coveredconditionals="0" methods="1" coveredmethods="1"/>
          <line num="17" count="1" type="stmt"/>
        </file>
        <file name="BikeCard.js" path="C:\Users\Y\Desktop\BikesApp\src\components\BikeCard.js">
          <metrics statements="5" coveredstatements="3" conditionals="0" coveredconditionals="0" methods="2" coveredmethods="1"/>
          <line num="21" count="3" type="stmt"/>
          <line num="39" count="3" type="stmt"/>
          <line num="80" count="0" type="stmt"/>
          <line num="82" count="0" type="stmt"/>
          <line num="117" count="3" type="stmt"/>
        </file>
        <file name="BikesList.js" path="C:\Users\Y\Desktop\BikesApp\src\components\BikesList.js">
          <metrics statements="11" coveredstatements="8" conditionals="4" coveredconditionals="2" methods="2" coveredmethods="1"/>
          <line num="13" count="2" type="stmt"/>
          <line num="22" count="2" type="stmt"/>
          <line num="27" count="2" type="stmt"/>
          <line num="28" count="1" type="cond" truecount="1" falsecount="1"/>
          <line num="29" count="0" type="stmt"/>
          <line num="32" count="1" type="cond" truecount="1" falsecount="1"/>
          <line num="33" count="0" type="stmt"/>
          <line num="36" count="1" type="stmt"/>
          <line num="39" count="0" type="stmt"/>
          <line num="54" count="2" type="stmt"/>
          <line num="55" count="2" type="stmt"/>
        </file>
        <file name="FilterBikes.js" path="C:\Users\Y\Desktop\BikesApp\src\components\FilterBikes.js">
          <metrics statements="16" coveredstatements="9" conditionals="2" coveredconditionals="1" methods="9" coveredmethods="2"/>
          <line num="16" count="2" type="stmt"/>
          <line num="35" count="2" type="stmt"/>
          <line num="45" count="1" type="stmt"/>
          <line num="46" count="1" type="stmt"/>
          <line num="50" count="0" type="stmt"/>
          <line num="54" count="0" type="stmt"/>
          <line num="58" count="0" type="stmt"/>
          <line num="63" count="0" type="stmt"/>
          <line num="67" count="1" type="stmt"/>
          <line num="68" count="1" type="stmt"/>
          <line num="70" count="1" type="stmt"/>
          <line num="85" count="0" type="stmt"/>
          <line num="90" count="0" type="stmt"/>
          <line num="91" count="0" type="stmt"/>
          <line num="105" count="2" type="stmt"/>
          <line num="106" count="2" type="stmt"/>
        </file>
        <file name="GridWrapper.js" path="C:\Users\Y\Desktop\BikesApp\src\components\GridWrapper.js">
          <metrics statements="6" coveredstatements="4" conditionals="0" coveredconditionals="0" methods="3" coveredmethods="1"/>
          <line num="16" count="3" type="stmt"/>
          <line num="29" count="3" type="stmt"/>
          <line num="36" count="3" type="stmt"/>
          <line num="37" count="0" type="stmt"/>
          <line num="41" count="0" type="stmt"/>
          <line num="53" count="3" type="stmt"/>
        </file>
      </package>
      <package name="src.containers">
        <metrics statements="5" coveredstatements="2" conditionals="0" coveredconditionals="0" methods="4" coveredmethods="0"/>
        <file name="BikesContainer.js" path="C:\Users\Y\Desktop\BikesApp\src\containers\BikesContainer.js">
          <metrics statements="5" coveredstatements="2" conditionals="0" coveredconditionals="0" methods="4" coveredmethods="0"/>
          <line num="28" count="0" type="stmt"/>
          <line num="32" count="0" type="stmt"/>
          <line num="42" count="1" type="stmt"/>
          <line num="51" count="1" type="stmt"/>
          <line num="52" count="0" type="stmt"/>
        </file>
      </package>
      <package name="src.manager">
        <metrics statements="67" coveredstatements="45" conditionals="37" coveredconditionals="16" methods="37" coveredmethods="17"/>
        <file name="actions.js" path="C:\Users\Y\Desktop\BikesApp\src\manager\actions.js">
          <metrics statements="19" coveredstatements="12" conditionals="2" coveredconditionals="2" methods="10" coveredmethods="5"/>
          <line num="11" count="4" type="stmt"/>
          <line num="16" count="4" type="stmt"/>
          <line num="17" count="4" type="stmt"/>
          <line num="18" count="4" type="stmt"/>
          <line num="19" count="4" type="stmt"/>
          <line num="25" count="4" type="stmt"/>
          <line num="34" count="4" type="stmt"/>
          <line num="41" count="4" type="stmt"/>
          <line num="49" count="4" type="stmt"/>
          <line num="59" count="2" type="cond" truecount="2" falsecount="0"/>
          <line num="60" count="1" type="stmt"/>
          <line num="62" count="1" type="stmt"/>
          <line num="73" count="0" type="stmt"/>
          <line num="74" count="0" type="stmt"/>
          <line num="75" count="0" type="stmt"/>
          <line num="77" count="0" type="stmt"/>
          <line num="79" count="0" type="stmt"/>
          <line num="80" count="0" type="stmt"/>
          <line num="82" count="0" type="stmt"/>
        </file>
        <file name="reducers.js" path="C:\Users\Y\Desktop\BikesApp\src\manager\reducers.js">
          <metrics statements="15" coveredstatements="15" conditionals="6" coveredconditionals="6" methods="5" coveredmethods="5"/>
          <line num="19" count="2" type="stmt"/>
          <line num="37" count="8" type="cond" truecount="5" falsecount="0"/>
          <line num="39" count="2" type="stmt"/>
          <line num="41" count="2" type="stmt"/>
          <line num="43" count="2" type="stmt"/>
          <line num="45" count="1" type="stmt"/>
          <line num="47" count="1" type="stmt"/>
          <line num="55" count="2" type="stmt"/>
          <line num="56" count="2" type="stmt"/>
          <line num="66" count="2" type="stmt"/>
          <line num="67" count="2" type="stmt"/>
          <line num="77" count="2" type="stmt"/>
          <line num="78" count="2" type="stmt"/>
          <line num="88" count="2" type="stmt"/>
          <line num="89" count="1" type="stmt"/>
        </file>
        <file name="registerServiceWorker.js" path="C:\Users\Y\Desktop\BikesApp\src\manager\registerServiceWorker.js">
          <metrics statements="15" coveredstatements="0" conditionals="21" coveredconditionals="0" methods="15" coveredmethods="0"/>
          <line num="1" count="0" type="stmt"/>
          <line num="26" count="0" type="stmt"/>
          <line num="126" count="0" type="cond" truecount="0" falsecount="3"/>
          <line num="128" count="0" type="cond" truecount="0" falsecount="4"/>
          <line num="129" count="0" type="cond" truecount="0" falsecount="2"/>
          <line num="132" count="0" type="cond" truecount="0" falsecount="2"/>
          <line num="133" count="0" type="stmt"/>
          <line num="135" count="0" type="stmt"/>
          <line num="136" count="0" type="cond" truecount="0" falsecount="4"/>
          <line num="140" count="0" type="stmt"/>
          <line num="143" count="0" type="stmt"/>
          <line num="144" count="0" type="stmt"/>
          <line num="145" count="0" type="cond" truecount="0" falsecount="4"/>
          <line num="146" count="0" type="stmt"/>
          <line num="147" count="0" type="cond" truecount="0" falsecount="2"/>
        </file>
        <file name="selectors.js" path="C:\Users\Y\Desktop\BikesApp\src\manager\selectors.js">
          <metrics statements="18" coveredstatements="18" conditionals="8" coveredconditionals="8" methods="7" coveredmethods="7"/>
          <line num="10" count="2" type="stmt"/>
          <line num="11" count="2" type="stmt"/>
          <line num="12" count="2" type="stmt"/>
          <line num="13" count="2" type="stmt"/>
          <line num="14" count="4" type="cond" truecount="2" falsecount="0"/>
          <line num="15" count="3" type="stmt"/>
          <line num="19" count="2" type="stmt"/>
          <line num="28" count="2" type="stmt"/>
          <line num="29" count="3" type="cond" truecount="2" falsecount="0"/>
          <line num="30" count="1" type="stmt"/>
          <line num="32" count="2" type="stmt"/>
          <line num="33" count="2" type="stmt"/>
          <line num="34" count="4" type="stmt"/>
          <line num="35" count="8" type="cond" truecount="4" falsecount="0"/>
          <line num="36" count="3" type="stmt"/>
          <line num="40" count="2" type="stmt"/>
          <line num="47" count="2" type="stmt"/>
          <line num="48" count="1" type="stmt"/>
        </file>
      </package>
    </metrics>
  </project>
</coverage>
