{"C:\\Users\\Y\\Desktop\\BikesApp\\src\\configStore.js": {"path":"C:\\Users\\Y\\Desktop\\BikesApp\\src\\configStore.js","statementMap":{"0":{"start":{"line":1,"column":13},"end":{"line":1,"column":75}},"1":{"start":{"line":8,"column":13},"end":{"line":8,"column":29}},"2":{"start":{"line":9,"column":18},"end":{"line":9,"column":40}},"3":{"start":{"line":9,"column":60},"end":{"line":9,"column":95}},"4":{"start":{"line":10,"column":19},"end":{"line":10,"column":42}},"5":{"start":{"line":11,"column":16},"end":{"line":11,"column":45}},"6":{"start":{"line":12,"column":15},"end":{"line":12,"column":51}},"7":{"start":{"line":12,"column":68},"end":{"line":12,"column":100}},"8":{"start":{"line":13,"column":20},"end":{"line":13,"column":44}},"9":{"start":{"line":13,"column":83},"end":{"line":13,"column":137}},"10":{"start":{"line":23,"column":171},"end":{"line":23,"column":203}},"11":{"start":{"line":25,"column":230},"end":{"line":25,"column":273}},"12":{"start":{"line":28,"column":25},"end":{"line":28,"column":96}},"13":{"start":{"line":36,"column":16},"end":{"line":40,"column":20}},"14":{"start":{"line":43,"column":20},"end":{"line":43,"column":58}},"15":{"start":{"line":44,"column":2},"end":{"line":44,"column":30}},"16":{"start":{"line":45,"column":1},"end":{"line":47,"column":15}}},"fnMap":{"0":{"name":"_interopRequireDefault","decl":{"start":{"line":13,"column":54},"end":{"line":13,"column":76}},"loc":{"start":{"line":13,"column":82},"end":{"line":13,"column":138}},"line":13},"1":{"name":"configureStore","decl":{"start":{"line":35,"column":9},"end":{"line":35,"column":23}},"loc":{"start":{"line":35,"column":26},"end":{"line":45,"column":1}},"line":35}},"branchMap":{"0":{"loc":{"start":{"line":13,"column":90},"end":{"line":13,"column":136}},"type":"cond-expr","locations":[{"start":{"line":13,"column":114},"end":{"line":13,"column":117}},{"start":{"line":13,"column":120},"end":{"line":13,"column":136}}],"line":13},"1":{"loc":{"start":{"line":13,"column":90},"end":{"line":13,"column":111}},"type":"binary-expr","locations":[{"start":{"line":13,"column":90},"end":{"line":13,"column":93}},{"start":{"line":13,"column":97},"end":{"line":13,"column":111}}],"line":13}},"s":{"0":0,"1":0,"2":0,"3":0,"4":0,"5":0,"6":0,"7":0,"8":0,"9":0,"10":0,"11":0,"12":0,"13":0,"14":0,"15":0,"16":0},"f":{"0":0,"1":0},"b":{"0":[0,0],"1":[0,0]}}
,"C:\\Users\\Y\\Desktop\\BikesApp\\src\\index.js": {"path":"C:\\Users\\Y\\Desktop\\BikesApp\\src\\index.js","statementMap":{"0":{"start":{"line":1,"column":32},"end":{"line":1,"column":80}},"1":{"start":{"line":6,"column":13},"end":{"line":6,"column":29}},"2":{"start":{"line":6,"column":44},"end":{"line":6,"column":74}},"3":{"start":{"line":7,"column":16},"end":{"line":7,"column":36}},"4":{"start":{"line":7,"column":54},"end":{"line":7,"column":87}},"5":{"start":{"line":8,"column":11},"end":{"line":8,"column":38}},"6":{"start":{"line":8,"column":51},"end":{"line":8,"column":79}},"7":{"start":{"line":9,"column":18},"end":{"line":9,"column":40}},"8":{"start":{"line":10,"column":19},"end":{"line":10,"column":43}},"9":{"start":{"line":10,"column":64},"end":{"line":10,"column":100}},"10":{"start":{"line":11,"column":14},"end":{"line":11,"column":56}},"11":{"start":{"line":12,"column":29},"end":{"line":12,"column":71}},"12":{"start":{"line":12,"column":102},"end":{"line":12,"column":148}},"13":{"start":{"line":13,"column":0},"end":{"line":13,"column":30}},"14":{"start":{"line":13,"column":68},"end":{"line":13,"column":122}},"15":{"start":{"line":23,"column":0},"end":{"line":23,"column":28}},"16":{"start":{"line":23,"column":43},"end":{"line":23,"column":64}},"17":{"start":{"line":23,"column":77},"end":{"line":23,"column":102}},"18":{"start":{"line":28,"column":18},"end":{"line":28,"column":49}},"19":{"start":{"line":33,"column":0},"end":{"line":39,"column":11}},"20":{"start":{"line":45,"column":0},"end":{"line":45,"column":39}}},"fnMap":{"0":{"name":"_interopRequireDefault","decl":{"start":{"line":13,"column":39},"end":{"line":13,"column":61}},"loc":{"start":{"line":13,"column":67},"end":{"line":13,"column":123}},"line":13}},"branchMap":{"0":{"loc":{"start":{"line":13,"column":75},"end":{"line":13,"column":121}},"type":"cond-expr","locations":[{"start":{"line":13,"column":99},"end":{"line":13,"column":102}},{"start":{"line":13,"column":105},"end":{"line":13,"column":121}}],"line":13},"1":{"loc":{"start":{"line":13,"column":75},"end":{"line":13,"column":96}},"type":"binary-expr","locations":[{"start":{"line":13,"column":75},"end":{"line":13,"column":78}},{"start":{"line":13,"column":82},"end":{"line":13,"column":96}}],"line":13}},"s":{"0":0,"1":0,"2":0,"3":0,"4":0,"5":0,"6":0,"7":0,"8":0,"9":0,"10":0,"11":0,"12":0,"13":0,"14":0,"15":0,"16":0,"17":0,"18":0,"19":0,"20":0},"f":{"0":0},"b":{"0":[0,0],"1":[0,0]}}
,"C:\\Users\\Y\\Desktop\\BikesApp\\src\\setupTests.js": {"path":"C:\\Users\\Y\\Desktop\\BikesApp\\src\\setupTests.js","statementMap":{"0":{"start":{"line":10,"column":0},"end":{"line":10,"column":38}}},"fnMap":{},"branchMap":{},"s":{"0":8},"f":{},"b":{},"_coverageSchema":"332fd63041d2c1bcb487cc26dd0d5f7d97098a6c","hash":"7113c35c9db51e1fc8fa793dda79c4a485423173"}
,"C:\\Users\\Y\\Desktop\\BikesApp\\src\\components\\App.js": {"path":"C:\\Users\\Y\\Desktop\\BikesApp\\src\\components\\App.js","statementMap":{"0":{"start":{"line":17,"column":4},"end":{"line":28,"column":6}}},"fnMap":{"0":{"name":"(anonymous_0)","decl":{"start":{"line":16,"column":2},"end":{"line":16,"column":3}},"loc":{"start":{"line":16,"column":11},"end":{"line":29,"column":3}},"line":16}},"branchMap":{},"s":{"0":1},"f":{"0":1},"b":{},"_coverageSchema":"332fd63041d2c1bcb487cc26dd0d5f7d97098a6c","hash":"adf9a33817a4132acf7391ea0989e3a2e4b94e9a"}
,"C:\\Users\\Y\\Desktop\\BikesApp\\src\\components\\BikeCard.js": {"path":"C:\\Users\\Y\\Desktop\\BikesApp\\src\\components\\BikeCard.js","statementMap":{"0":{"start":{"line":21,"column":22},"end":{"line":35,"column":1}},"1":{"start":{"line":39,"column":15},"end":{"line":68,"column":2}},"2":{"start":{"line":39,"column":25},"end":{"line":68,"column":1}},"3":{"start":{"line":80,"column":8},"end":{"line":80,"column":18}},"4":{"start":{"line":82,"column":4},"end":{"line":108,"column":5}},"5":{"start":{"line":117,"column":0},"end":{"line":117,"column":35}}},"fnMap":{"0":{"name":"(anonymous_0)","decl":{"start":{"line":39,"column":15},"end":{"line":39,"column":16}},"loc":{"start":{"line":39,"column":25},"end":{"line":68,"column":1}},"line":39},"1":{"name":"(anonymous_1)","decl":{"start":{"line":72,"column":2},"end":{"line":72,"column":3}},"loc":{"start":{"line":72,"column":11},"end":{"line":109,"column":3}},"line":72}},"branchMap":{},"s":{"0":3,"1":3,"2":1,"3":0,"4":0,"5":3},"f":{"0":1,"1":0},"b":{},"_coverageSchema":"332fd63041d2c1bcb487cc26dd0d5f7d97098a6c","hash":"e991ea2460b63289d911fd2d66cad800c1db4b38"}
,"C:\\Users\\Y\\Desktop\\BikesApp\\src\\components\\BikesList.js": {"path":"C:\\Users\\Y\\Desktop\\BikesApp\\src\\components\\BikesList.js","statementMap":{"0":{"start":{"line":13,"column":18},"end":{"line":20,"column":1}},"1":{"start":{"line":22,"column":21},"end":{"line":24,"column":1}},"2":{"start":{"line":27,"column":18},"end":{"line":51,"column":1}},"3":{"start":{"line":28,"column":2},"end":{"line":30,"column":3}},"4":{"start":{"line":29,"column":4},"end":{"line":29,"column":45}},"5":{"start":{"line":32,"column":2},"end":{"line":34,"column":3}},"6":{"start":{"line":33,"column":4},"end":{"line":33,"column":33}},"7":{"start":{"line":36,"column":2},"end":{"line":50,"column":4}},"8":{"start":{"line":39,"column":8},"end":{"line":47,"column":10}},"9":{"start":{"line":54,"column":0},"end":{"line":54,"column":32}},"10":{"start":{"line":55,"column":0},"end":{"line":55,"column":38}}},"fnMap":{"0":{"name":"(anonymous_0)","decl":{"start":{"line":27,"column":18},"end":{"line":27,"column":19}},"loc":{"start":{"line":27,"column":52},"end":{"line":51,"column":1}},"line":27},"1":{"name":"(anonymous_1)","decl":{"start":{"line":38,"column":20},"end":{"line":38,"column":21}},"loc":{"start":{"line":39,"column":8},"end":{"line":47,"column":10}},"line":39}},"branchMap":{"0":{"loc":{"start":{"line":28,"column":2},"end":{"line":30,"column":3}},"type":"if","locations":[{"start":{"line":28,"column":2},"end":{"line":30,"column":3}},{"start":{"line":28,"column":2},"end":{"line":30,"column":3}}],"line":28},"1":{"loc":{"start":{"line":32,"column":2},"end":{"line":34,"column":3}},"type":"if","locations":[{"start":{"line":32,"column":2},"end":{"line":34,"column":3}},{"start":{"line":32,"column":2},"end":{"line":34,"column":3}}],"line":32}},"s":{"0":2,"1":2,"2":2,"3":1,"4":0,"5":1,"6":0,"7":1,"8":0,"9":2,"10":2},"f":{"0":1,"1":0},"b":{"0":[0,1],"1":[0,1]},"_coverageSchema":"332fd63041d2c1bcb487cc26dd0d5f7d97098a6c","hash":"f14e6a766f01cad5031dee887a0378d127bbc6e6"}
,"C:\\Users\\Y\\Desktop\\BikesApp\\src\\components\\FilterBikes.js": {"path":"C:\\Users\\Y\\Desktop\\BikesApp\\src\\components\\FilterBikes.js","statementMap":{"0":{"start":{"line":16,"column":18},"end":{"line":31,"column":1}},"1":{"start":{"line":35,"column":21},"end":{"line":39,"column":1}},"2":{"start":{"line":45,"column":4},"end":{"line":45,"column":17}},"3":{"start":{"line":46,"column":4},"end":{"line":46,"column":36}},"4":{"start":{"line":50,"column":4},"end":{"line":50,"column":53}},"5":{"start":{"line":54,"column":4},"end":{"line":54,"column":38}},"6":{"start":{"line":58,"column":4},"end":{"line":61,"column":6}},"7":{"start":{"line":63,"column":4},"end":{"line":63,"column":34}},"8":{"start":{"line":67,"column":25},"end":{"line":67,"column":35}},"9":{"start":{"line":68,"column":35},"end":{"line":68,"column":45}},"10":{"start":{"line":70,"column":4},"end":{"line":99,"column":6}},"11":{"start":{"line":85,"column":46},"end":{"line":85,"column":84}},"12":{"start":{"line":90,"column":14},"end":{"line":94,"column":15}},"13":{"start":{"line":91,"column":52},"end":{"line":91,"column":88}},"14":{"start":{"line":105,"column":0},"end":{"line":105,"column":34}},"15":{"start":{"line":106,"column":0},"end":{"line":106,"column":40}}},"fnMap":{"0":{"name":"(anonymous_0)","decl":{"start":{"line":38,"column":20},"end":{"line":38,"column":21}},"loc":{"start":{"line":38,"column":26},"end":{"line":38,"column":28}},"line":38},"1":{"name":"(anonymous_1)","decl":{"start":{"line":44,"column":2},"end":{"line":44,"column":3}},"loc":{"start":{"line":44,"column":21},"end":{"line":47,"column":3}},"line":44},"2":{"name":"(anonymous_2)","decl":{"start":{"line":49,"column":16},"end":{"line":49,"column":17}},"loc":{"start":{"line":49,"column":27},"end":{"line":51,"column":3}},"line":49},"3":{"name":"(anonymous_3)","decl":{"start":{"line":53,"column":16},"end":{"line":53,"column":17}},"loc":{"start":{"line":53,"column":25},"end":{"line":55,"column":3}},"line":53},"4":{"name":"(anonymous_4)","decl":{"start":{"line":57,"column":24},"end":{"line":57,"column":25}},"loc":{"start":{"line":57,"column":40},"end":{"line":64,"column":3}},"line":57},"5":{"name":"(anonymous_5)","decl":{"start":{"line":66,"column":2},"end":{"line":66,"column":3}},"loc":{"start":{"line":66,"column":11},"end":{"line":100,"column":3}},"line":66},"6":{"name":"(anonymous_6)","decl":{"start":{"line":85,"column":37},"end":{"line":85,"column":38}},"loc":{"start":{"line":85,"column":46},"end":{"line":85,"column":84}},"line":85},"7":{"name":"(anonymous_7)","decl":{"start":{"line":89,"column":27},"end":{"line":89,"column":28}},"loc":{"start":{"line":89,"column":39},"end":{"line":95,"column":13}},"line":89},"8":{"name":"(anonymous_8)","decl":{"start":{"line":91,"column":43},"end":{"line":91,"column":44}},"loc":{"start":{"line":91,"column":52},"end":{"line":91,"column":88}},"line":91}},"branchMap":{"0":{"loc":{"start":{"line":73,"column":21},"end":{"line":73,"column":52}},"type":"cond-expr","locations":[{"start":{"line":73,"column":32},"end":{"line":73,"column":45}},{"start":{"line":73,"column":48},"end":{"line":73,"column":52}}],"line":73}},"s":{"0":2,"1":2,"2":1,"3":1,"4":0,"5":0,"6":0,"7":0,"8":1,"9":1,"10":1,"11":0,"12":0,"13":0,"14":2,"15":2},"f":{"0":0,"1":1,"2":0,"3":0,"4":0,"5":1,"6":0,"7":0,"8":0},"b":{"0":[0,1]},"_coverageSchema":"332fd63041d2c1bcb487cc26dd0d5f7d97098a6c","hash":"610bd5915f3fed59318fbab1cff7c1c502c2ae75"}
,"C:\\Users\\Y\\Desktop\\BikesApp\\src\\components\\GridWrapper.js": {"path":"C:\\Users\\Y\\Desktop\\BikesApp\\src\\components\\GridWrapper.js","statementMap":{"0":{"start":{"line":16,"column":18},"end":{"line":26,"column":1}},"1":{"start":{"line":29,"column":15},"end":{"line":33,"column":2}},"2":{"start":{"line":29,"column":25},"end":{"line":33,"column":1}},"3":{"start":{"line":36,"column":22},"end":{"line":50,"column":1}},"4":{"start":{"line":37,"column":2},"end":{"line":49,"column":8}},"5":{"start":{"line":41,"column":10},"end":{"line":45,"column":11}},"6":{"start":{"line":53,"column":0},"end":{"line":53,"column":36}}},"fnMap":{"0":{"name":"(anonymous_0)","decl":{"start":{"line":29,"column":15},"end":{"line":29,"column":16}},"loc":{"start":{"line":29,"column":25},"end":{"line":33,"column":1}},"line":29},"1":{"name":"(anonymous_1)","decl":{"start":{"line":36,"column":22},"end":{"line":36,"column":23}},"loc":{"start":{"line":37,"column":2},"end":{"line":49,"column":8}},"line":37},"2":{"name":"(anonymous_2)","decl":{"start":{"line":40,"column":21},"end":{"line":40,"column":22}},"loc":{"start":{"line":40,"column":35},"end":{"line":46,"column":9}},"line":40}},"branchMap":{},"s":{"0":3,"1":3,"2":1,"3":3,"4":0,"5":0,"6":3},"f":{"0":1,"1":0,"2":0},"b":{},"_coverageSchema":"332fd63041d2c1bcb487cc26dd0d5f7d97098a6c","hash":"bc4c3631c9b341203e518ccb33dccf63d4a6f3f8"}
,"C:\\Users\\Y\\Desktop\\BikesApp\\src\\containers\\BikesContainer.js": {"path":"C:\\Users\\Y\\Desktop\\BikesApp\\src\\containers\\BikesContainer.js","statementMap":{"0":{"start":{"line":28,"column":4},"end":{"line":28,"column":28}},"1":{"start":{"line":32,"column":4},"end":{"line":37,"column":5}},"2":{"start":{"line":42,"column":24},"end":{"line":48,"column":2}},"3":{"start":{"line":42,"column":34},"end":{"line":48,"column":1}},"4":{"start":{"line":51,"column":27},"end":{"line":56,"column":1}},"5":{"start":{"line":52,"column":2},"end":{"line":55,"column":15}}},"fnMap":{"0":{"name":"(anonymous_0)","decl":{"start":{"line":27,"column":2},"end":{"line":27,"column":3}},"loc":{"start":{"line":27,"column":22},"end":{"line":29,"column":3}},"line":27},"1":{"name":"(anonymous_1)","decl":{"start":{"line":31,"column":2},"end":{"line":31,"column":3}},"loc":{"start":{"line":31,"column":11},"end":{"line":38,"column":3}},"line":31},"2":{"name":"(anonymous_2)","decl":{"start":{"line":42,"column":24},"end":{"line":42,"column":25}},"loc":{"start":{"line":42,"column":34},"end":{"line":48,"column":1}},"line":42},"3":{"name":"(anonymous_3)","decl":{"start":{"line":51,"column":27},"end":{"line":51,"column":28}},"loc":{"start":{"line":51,"column":39},"end":{"line":56,"column":1}},"line":51}},"branchMap":{},"s":{"0":0,"1":0,"2":1,"3":0,"4":1,"5":0},"f":{"0":0,"1":0,"2":0,"3":0},"b":{},"_coverageSchema":"332fd63041d2c1bcb487cc26dd0d5f7d97098a6c","hash":"919b507bb2e412c156ae01a5104c891d2bba5307"}
,"C:\\Users\\Y\\Desktop\\BikesApp\\src\\manager\\actions.js": {"path":"C:\\Users\\Y\\Desktop\\BikesApp\\src\\manager\\actions.js","statementMap":{"0":{"start":{"line":11,"column":17},"end":{"line":11,"column":48}},"1":{"start":{"line":16,"column":32},"end":{"line":16,"column":50}},"2":{"start":{"line":17,"column":33},"end":{"line":17,"column":52}},"3":{"start":{"line":18,"column":35},"end":{"line":18,"column":56}},"4":{"start":{"line":19,"column":35},"end":{"line":19,"column":56}},"5":{"start":{"line":25,"column":30},"end":{"line":28,"column":2}},"6":{"start":{"line":25,"column":40},"end":{"line":28,"column":1}},"7":{"start":{"line":34,"column":31},"end":{"line":36,"column":2}},"8":{"start":{"line":34,"column":38},"end":{"line":36,"column":1}},"9":{"start":{"line":41,"column":33},"end":{"line":44,"column":2}},"10":{"start":{"line":41,"column":45},"end":{"line":44,"column":1}},"11":{"start":{"line":49,"column":33},"end":{"line":52,"column":2}},"12":{"start":{"line":49,"column":45},"end":{"line":52,"column":1}},"13":{"start":{"line":59,"column":2},"end":{"line":61,"column":3}},"14":{"start":{"line":60,"column":4},"end":{"line":60,"column":37}},"15":{"start":{"line":62,"column":2},"end":{"line":62,"column":18}},"16":{"start":{"line":73,"column":2},"end":{"line":83,"column":4}},"17":{"start":{"line":74,"column":4},"end":{"line":74,"column":32}},"18":{"start":{"line":75,"column":4},"end":{"line":82,"column":58}},"19":{"start":{"line":77,"column":19},"end":{"line":77,"column":29}},"20":{"start":{"line":79,"column":8},"end":{"line":79,"column":41}},"21":{"start":{"line":80,"column":8},"end":{"line":80,"column":20}},"22":{"start":{"line":82,"column":22},"end":{"line":82,"column":56}}},"fnMap":{"0":{"name":"(anonymous_0)","decl":{"start":{"line":25,"column":30},"end":{"line":25,"column":31}},"loc":{"start":{"line":25,"column":40},"end":{"line":28,"column":1}},"line":25},"1":{"name":"(anonymous_1)","decl":{"start":{"line":34,"column":31},"end":{"line":34,"column":32}},"loc":{"start":{"line":34,"column":38},"end":{"line":36,"column":1}},"line":34},"2":{"name":"(anonymous_2)","decl":{"start":{"line":41,"column":33},"end":{"line":41,"column":34}},"loc":{"start":{"line":41,"column":45},"end":{"line":44,"column":1}},"line":41},"3":{"name":"(anonymous_3)","decl":{"start":{"line":49,"column":33},"end":{"line":49,"column":34}},"loc":{"start":{"line":49,"column":45},"end":{"line":52,"column":1}},"line":49},"4":{"name":"handleErrors","decl":{"start":{"line":58,"column":16},"end":{"line":58,"column":28}},"loc":{"start":{"line":58,"column":39},"end":{"line":63,"column":1}},"line":58},"5":{"name":"fetchBikes","decl":{"start":{"line":72,"column":16},"end":{"line":72,"column":26}},"loc":{"start":{"line":72,"column":29},"end":{"line":84,"column":1}},"line":72},"6":{"name":"(anonymous_6)","decl":{"start":{"line":73,"column":9},"end":{"line":73,"column":10}},"loc":{"start":{"line":73,"column":21},"end":{"line":83,"column":3}},"line":73},"7":{"name":"(anonymous_7)","decl":{"start":{"line":77,"column":12},"end":{"line":77,"column":13}},"loc":{"start":{"line":77,"column":19},"end":{"line":77,"column":29}},"line":77},"8":{"name":"(anonymous_8)","decl":{"start":{"line":78,"column":12},"end":{"line":78,"column":13}},"loc":{"start":{"line":78,"column":20},"end":{"line":81,"column":7}},"line":78},"9":{"name":"(anonymous_9)","decl":{"start":{"line":82,"column":13},"end":{"line":82,"column":14}},"loc":{"start":{"line":82,"column":22},"end":{"line":82,"column":56}},"line":82}},"branchMap":{"0":{"loc":{"start":{"line":59,"column":2},"end":{"line":61,"column":3}},"type":"if","locations":[{"start":{"line":59,"column":2},"end":{"line":61,"column":3}},{"start":{"line":59,"column":2},"end":{"line":61,"column":3}}],"line":59}},"s":{"0":4,"1":4,"2":4,"3":4,"4":4,"5":4,"6":1,"7":4,"8":1,"9":4,"10":1,"11":4,"12":2,"13":2,"14":1,"15":1,"16":0,"17":0,"18":0,"19":0,"20":0,"21":0,"22":0},"f":{"0":1,"1":1,"2":1,"3":2,"4":2,"5":0,"6":0,"7":0,"8":0,"9":0},"b":{"0":[1,1]},"_coverageSchema":"332fd63041d2c1bcb487cc26dd0d5f7d97098a6c","hash":"40faf9707d5a2eac3fa91d199a4a7d96dd680581"}
,"C:\\Users\\Y\\Desktop\\BikesApp\\src\\manager\\reducers.js": {"path":"C:\\Users\\Y\\Desktop\\BikesApp\\src\\manager\\reducers.js","statementMap":{"0":{"start":{"line":19,"column":28},"end":{"line":30,"column":1}},"1":{"start":{"line":37,"column":2},"end":{"line":48,"column":3}},"2":{"start":{"line":39,"column":6},"end":{"line":39,"column":34}},"3":{"start":{"line":41,"column":6},"end":{"line":41,"column":44}},"4":{"start":{"line":43,"column":6},"end":{"line":43,"column":44}},"5":{"start":{"line":45,"column":6},"end":{"line":45,"column":43}},"6":{"start":{"line":47,"column":6},"end":{"line":47,"column":19}},"7":{"start":{"line":55,"column":22},"end":{"line":61,"column":1}},"8":{"start":{"line":56,"column":2},"end":{"line":60,"column":3}},"9":{"start":{"line":66,"column":24},"end":{"line":72,"column":1}},"10":{"start":{"line":67,"column":2},"end":{"line":71,"column":3}},"11":{"start":{"line":77,"column":24},"end":{"line":83,"column":1}},"12":{"start":{"line":78,"column":2},"end":{"line":82,"column":3}},"13":{"start":{"line":88,"column":23},"end":{"line":93,"column":1}},"14":{"start":{"line":89,"column":2},"end":{"line":92,"column":3}}},"fnMap":{"0":{"name":"rootReducer","decl":{"start":{"line":36,"column":16},"end":{"line":36,"column":27}},"loc":{"start":{"line":36,"column":56},"end":{"line":49,"column":1}},"line":36},"1":{"name":"(anonymous_1)","decl":{"start":{"line":55,"column":22},"end":{"line":55,"column":23}},"loc":{"start":{"line":55,"column":33},"end":{"line":61,"column":1}},"line":55},"2":{"name":"(anonymous_2)","decl":{"start":{"line":66,"column":24},"end":{"line":66,"column":25}},"loc":{"start":{"line":66,"column":43},"end":{"line":72,"column":1}},"line":66},"3":{"name":"(anonymous_3)","decl":{"start":{"line":77,"column":24},"end":{"line":77,"column":25}},"loc":{"start":{"line":77,"column":43},"end":{"line":83,"column":1}},"line":77},"4":{"name":"(anonymous_4)","decl":{"start":{"line":88,"column":23},"end":{"line":88,"column":24}},"loc":{"start":{"line":88,"column":42},"end":{"line":93,"column":1}},"line":88}},"branchMap":{"0":{"loc":{"start":{"line":36,"column":28},"end":{"line":36,"column":46}},"type":"default-arg","locations":[{"start":{"line":36,"column":34},"end":{"line":36,"column":46}}],"line":36},"1":{"loc":{"start":{"line":37,"column":2},"end":{"line":48,"column":3}},"type":"switch","locations":[{"start":{"line":38,"column":4},"end":{"line":39,"column":34}},{"start":{"line":40,"column":4},"end":{"line":41,"column":44}},{"start":{"line":42,"column":4},"end":{"line":43,"column":44}},{"start":{"line":44,"column":4},"end":{"line":45,"column":43}},{"start":{"line":46,"column":4},"end":{"line":47,"column":19}}],"line":37}},"s":{"0":2,"1":8,"2":2,"3":2,"4":2,"5":1,"6":1,"7":2,"8":2,"9":2,"10":2,"11":2,"12":2,"13":2,"14":1},"f":{"0":8,"1":2,"2":2,"3":2,"4":1},"b":{"0":[1],"1":[2,2,2,1,1]},"_coverageSchema":"332fd63041d2c1bcb487cc26dd0d5f7d97098a6c","hash":"cbe1e7c9a653d56457e63e55258bbf5b5b4b8245"}
,"C:\\Users\\Y\\Desktop\\BikesApp\\src\\manager\\registerServiceWorker.js": {"path":"C:\\Users\\Y\\Desktop\\BikesApp\\src\\manager\\registerServiceWorker.js","statementMap":{"0":{"start":{"line":1,"column":13},"end":{"line":1,"column":75}},"1":{"start":{"line":1,"column":75},"end":{"line":26,"column":9}},"2":{"start":{"line":26,"column":9},"end":{"line":116,"column":24}},"3":{"start":{"line":126,"column":20},"end":{"line":128,"column":89}},"4":{"start":{"line":128,"column":111},"end":{"line":136,"column":36}},"5":{"start":{"line":129,"column":22},"end":{"line":129,"column":70}},"6":{"start":{"line":129,"column":71},"end":{"line":132,"column":14}},"7":{"start":{"line":132,"column":6},"end":{"line":132,"column":13}},"8":{"start":{"line":132,"column":14},"end":{"line":136,"column":35}},"9":{"start":{"line":132,"column":67},"end":{"line":132,"column":112}},"10":{"start":{"line":132,"column":113},"end":{"line":136,"column":32}},"11":{"start":{"line":133,"column":8},"end":{"line":133,"column":39}},"12":{"start":{"line":135,"column":8},"end":{"line":135,"column":178}},"13":{"start":{"line":135,"column":50},"end":{"line":135,"column":175}},"14":{"start":{"line":136,"column":8},"end":{"line":136,"column":31}},"15":{"start":{"line":136,"column":70},"end":{"line":143,"column":156}},"16":{"start":{"line":136,"column":132},"end":{"line":143,"column":68}},"17":{"start":{"line":136,"column":193},"end":{"line":136,"column":216}},"18":{"start":{"line":136,"column":217},"end":{"line":143,"column":66}},"19":{"start":{"line":136,"column":257},"end":{"line":143,"column":64}},"20":{"start":{"line":136,"column":302},"end":{"line":143,"column":63}},"21":{"start":{"line":140,"column":12},"end":{"line":140,"column":69}},"22":{"start":{"line":143,"column":12},"end":{"line":143,"column":62}},"23":{"start":{"line":143,"column":87},"end":{"line":143,"column":153}},"24":{"start":{"line":144,"column":2},"end":{"line":147,"column":126}},"25":{"start":{"line":145,"column":4},"end":{"line":147,"column":30}},"26":{"start":{"line":146,"column":6},"end":{"line":146,"column":127}},"27":{"start":{"line":146,"column":58},"end":{"line":146,"column":124}},"28":{"start":{"line":146,"column":96},"end":{"line":146,"column":121}},"29":{"start":{"line":147,"column":6},"end":{"line":147,"column":29}},"30":{"start":{"line":147,"column":46},"end":{"line":147,"column":123}},"31":{"start":{"line":147,"column":150},"end":{"line":147,"column":267}},"32":{"start":{"line":147,"column":185},"end":{"line":147,"column":266}},"33":{"start":{"line":147,"column":237},"end":{"line":147,"column":263}}},"fnMap":{"0":{"name":"register","decl":{"start":{"line":128,"column":99},"end":{"line":128,"column":107}},"loc":{"start":{"line":128,"column":110},"end":{"line":136,"column":37}},"line":128},"1":{"name":"(anonymous_1)","decl":{"start":{"line":132,"column":46},"end":{"line":132,"column":47}},"loc":{"start":{"line":132,"column":52},"end":{"line":136,"column":33}},"line":132},"2":{"name":"(anonymous_2)","decl":{"start":{"line":135,"column":43},"end":{"line":135,"column":44}},"loc":{"start":{"line":135,"column":49},"end":{"line":135,"column":176}},"line":135},"3":{"name":"registerValidSW","decl":{"start":{"line":136,"column":46},"end":{"line":136,"column":61}},"loc":{"start":{"line":136,"column":69},"end":{"line":143,"column":157}},"line":136},"4":{"name":"(anonymous_4)","decl":{"start":{"line":136,"column":115},"end":{"line":136,"column":116}},"loc":{"start":{"line":136,"column":131},"end":{"line":143,"column":69}},"line":136},"5":{"name":"(anonymous_5)","decl":{"start":{"line":136,"column":161},"end":{"line":136,"column":162}},"loc":{"start":{"line":136,"column":167},"end":{"line":143,"column":67}},"line":136},"6":{"name":"(anonymous_6)","decl":{"start":{"line":136,"column":250},"end":{"line":136,"column":251}},"loc":{"start":{"line":136,"column":256},"end":{"line":143,"column":65}},"line":136},"7":{"name":"(anonymous_7)","decl":{"start":{"line":143,"column":77},"end":{"line":143,"column":78}},"loc":{"start":{"line":143,"column":86},"end":{"line":143,"column":154}},"line":143},"8":{"name":"checkValidServiceWorker","decl":{"start":{"line":143,"column":166},"end":{"line":143,"column":189}},"loc":{"start":{"line":143,"column":197},"end":{"line":147,"column":127}},"line":143},"9":{"name":"(anonymous_9)","decl":{"start":{"line":144,"column":20},"end":{"line":144,"column":21}},"loc":{"start":{"line":144,"column":32},"end":{"line":147,"column":31}},"line":144},"10":{"name":"(anonymous_10)","decl":{"start":{"line":146,"column":41},"end":{"line":146,"column":42}},"loc":{"start":{"line":146,"column":57},"end":{"line":146,"column":125}},"line":146},"11":{"name":"(anonymous_11)","decl":{"start":{"line":146,"column":89},"end":{"line":146,"column":90}},"loc":{"start":{"line":146,"column":95},"end":{"line":146,"column":122}},"line":146},"12":{"name":"(anonymous_12)","decl":{"start":{"line":147,"column":39},"end":{"line":147,"column":40}},"loc":{"start":{"line":147,"column":45},"end":{"line":147,"column":124}},"line":147},"13":{"name":"unregister","decl":{"start":{"line":147,"column":136},"end":{"line":147,"column":146}},"loc":{"start":{"line":147,"column":149},"end":{"line":147,"column":268}},"line":147},"14":{"name":"(anonymous_14)","decl":{"start":{"line":147,"column":220},"end":{"line":147,"column":221}},"loc":{"start":{"line":147,"column":236},"end":{"line":147,"column":264}},"line":147}},"branchMap":{"0":{"loc":{"start":{"line":126,"column":28},"end":{"line":128,"column":88}},"type":"binary-expr","locations":[{"start":{"line":126,"column":28},"end":{"line":126,"column":68}},{"start":{"line":127,"column":0},"end":{"line":127,"column":36}},{"start":{"line":128,"column":0},"end":{"line":128,"column":88}}],"line":126},"1":{"loc":{"start":{"line":128,"column":111},"end":{"line":136,"column":36}},"type":"if","locations":[{"start":{"line":128,"column":111},"end":{"line":136,"column":36}},{"start":{"line":128,"column":111},"end":{"line":136,"column":36}}],"line":128},"2":{"loc":{"start":{"line":128,"column":115},"end":{"line":128,"column":184}},"type":"binary-expr","locations":[{"start":{"line":128,"column":115},"end":{"line":128,"column":152}},{"start":{"line":128,"column":156},"end":{"line":128,"column":184}}],"line":128},"3":{"loc":{"start":{"line":129,"column":71},"end":{"line":132,"column":14}},"type":"if","locations":[{"start":{"line":129,"column":71},"end":{"line":132,"column":14}},{"start":{"line":129,"column":71},"end":{"line":132,"column":14}}],"line":129},"4":{"loc":{"start":{"line":132,"column":113},"end":{"line":136,"column":32}},"type":"if","locations":[{"start":{"line":132,"column":113},"end":{"line":136,"column":32}},{"start":{"line":132,"column":113},"end":{"line":136,"column":32}}],"line":132},"5":{"loc":{"start":{"line":136,"column":257},"end":{"line":143,"column":64}},"type":"if","locations":[{"start":{"line":136,"column":257},"end":{"line":143,"column":64}},{"start":{"line":136,"column":257},"end":{"line":143,"column":64}}],"line":136},"6":{"loc":{"start":{"line":136,"column":302},"end":{"line":143,"column":63}},"type":"if","locations":[{"start":{"line":136,"column":302},"end":{"line":143,"column":63}},{"start":{"line":136,"column":302},"end":{"line":143,"column":63}}],"line":136},"7":{"loc":{"start":{"line":145,"column":4},"end":{"line":147,"column":30}},"type":"if","locations":[{"start":{"line":145,"column":4},"end":{"line":147,"column":30}},{"start":{"line":145,"column":4},"end":{"line":147,"column":30}}],"line":145},"8":{"loc":{"start":{"line":145,"column":8},"end":{"line":145,"column":100}},"type":"binary-expr","locations":[{"start":{"line":145,"column":8},"end":{"line":145,"column":31}},{"start":{"line":145,"column":35},"end":{"line":145,"column":100}}],"line":145},"9":{"loc":{"start":{"line":147,"column":150},"end":{"line":147,"column":267}},"type":"if","locations":[{"start":{"line":147,"column":150},"end":{"line":147,"column":267}},{"start":{"line":147,"column":150},"end":{"line":147,"column":267}}],"line":147}},"s":{"0":0,"1":0,"2":0,"3":0,"4":0,"5":0,"6":0,"7":0,"8":0,"9":0,"10":0,"11":0,"12":0,"13":0,"14":0,"15":0,"16":0,"17":0,"18":0,"19":0,"20":0,"21":0,"22":0,"23":0,"24":0,"25":0,"26":0,"27":0,"28":0,"29":0,"30":0,"31":0,"32":0,"33":0},"f":{"0":0,"1":0,"2":0,"3":0,"4":0,"5":0,"6":0,"7":0,"8":0,"9":0,"10":0,"11":0,"12":0,"13":0,"14":0},"b":{"0":[0,0,0],"1":[0,0],"2":[0,0],"3":[0,0],"4":[0,0],"5":[0,0],"6":[0,0],"7":[0,0],"8":[0,0],"9":[0,0]}}
,"C:\\Users\\Y\\Desktop\\BikesApp\\src\\manager\\selectors.js": {"path":"C:\\Users\\Y\\Desktop\\BikesApp\\src\\manager\\selectors.js","statementMap":{"0":{"start":{"line":10,"column":32},"end":{"line":20,"column":1}},"1":{"start":{"line":11,"column":19},"end":{"line":11,"column":21}},"2":{"start":{"line":12,"column":2},"end":{"line":18,"column":5}},"3":{"start":{"line":13,"column":4},"end":{"line":17,"column":6}},"4":{"start":{"line":14,"column":6},"end":{"line":16,"column":7}},"5":{"start":{"line":15,"column":8},"end":{"line":15,"column":28}},"6":{"start":{"line":19,"column":2},"end":{"line":19,"column":20}},"7":{"start":{"line":28,"column":32},"end":{"line":41,"column":1}},"8":{"start":{"line":29,"column":2},"end":{"line":31,"column":3}},"9":{"start":{"line":30,"column":4},"end":{"line":30,"column":29}},"10":{"start":{"line":32,"column":23},"end":{"line":32,"column":25}},"11":{"start":{"line":33,"column":2},"end":{"line":39,"column":5}},"12":{"start":{"line":34,"column":4},"end":{"line":38,"column":6}},"13":{"start":{"line":35,"column":6},"end":{"line":37,"column":7}},"14":{"start":{"line":36,"column":8},"end":{"line":36,"column":33}},"15":{"start":{"line":40,"column":2},"end":{"line":40,"column":24}},"16":{"start":{"line":47,"column":32},"end":{"line":49,"column":1}},"17":{"start":{"line":48,"column":2},"end":{"line":48,"column":21}}},"fnMap":{"0":{"name":"(anonymous_0)","decl":{"start":{"line":10,"column":32},"end":{"line":10,"column":33}},"loc":{"start":{"line":10,"column":43},"end":{"line":20,"column":1}},"line":10},"1":{"name":"(anonymous_1)","decl":{"start":{"line":12,"column":28},"end":{"line":12,"column":29}},"loc":{"start":{"line":12,"column":38},"end":{"line":18,"column":3}},"line":12},"2":{"name":"(anonymous_2)","decl":{"start":{"line":13,"column":23},"end":{"line":13,"column":24}},"loc":{"start":{"line":13,"column":30},"end":{"line":17,"column":5}},"line":13},"3":{"name":"(anonymous_3)","decl":{"start":{"line":28,"column":32},"end":{"line":28,"column":33}},"loc":{"start":{"line":28,"column":53},"end":{"line":41,"column":1}},"line":28},"4":{"name":"(anonymous_4)","decl":{"start":{"line":33,"column":28},"end":{"line":33,"column":29}},"loc":{"start":{"line":33,"column":38},"end":{"line":39,"column":3}},"line":33},"5":{"name":"(anonymous_5)","decl":{"start":{"line":34,"column":23},"end":{"line":34,"column":24}},"loc":{"start":{"line":34,"column":30},"end":{"line":38,"column":5}},"line":34},"6":{"name":"(anonymous_6)","decl":{"start":{"line":47,"column":32},"end":{"line":47,"column":33}},"loc":{"start":{"line":47,"column":43},"end":{"line":49,"column":1}},"line":47}},"branchMap":{"0":{"loc":{"start":{"line":14,"column":6},"end":{"line":16,"column":7}},"type":"if","locations":[{"start":{"line":14,"column":6},"end":{"line":16,"column":7}},{"start":{"line":14,"column":6},"end":{"line":16,"column":7}}],"line":14},"1":{"loc":{"start":{"line":29,"column":2},"end":{"line":31,"column":3}},"type":"if","locations":[{"start":{"line":29,"column":2},"end":{"line":31,"column":3}},{"start":{"line":29,"column":2},"end":{"line":31,"column":3}}],"line":29},"2":{"loc":{"start":{"line":35,"column":6},"end":{"line":37,"column":7}},"type":"if","locations":[{"start":{"line":35,"column":6},"end":{"line":37,"column":7}},{"start":{"line":35,"column":6},"end":{"line":37,"column":7}}],"line":35},"3":{"loc":{"start":{"line":35,"column":10},"end":{"line":35,"column":65}},"type":"binary-expr","locations":[{"start":{"line":35,"column":10},"end":{"line":35,"column":26}},{"start":{"line":35,"column":30},"end":{"line":35,"column":65}}],"line":35}},"s":{"0":2,"1":2,"2":2,"3":2,"4":4,"5":3,"6":2,"7":2,"8":3,"9":1,"10":2,"11":2,"12":4,"13":8,"14":3,"15":2,"16":2,"17":1},"f":{"0":2,"1":2,"2":4,"3":3,"4":4,"5":8,"6":1},"b":{"0":[3,1],"1":[1,2],"2":[3,5],"3":[8,3]},"_coverageSchema":"332fd63041d2c1bcb487cc26dd0d5f7d97098a6c","hash":"9fcb439eee01c9cc365d35509a5b36298ae849bd"}
}
