{"C:\\Users\\Y\\Desktop\\BikesApp\\src\\configStore.js": {"path":"C:\\Users\\Y\\Desktop\\BikesApp\\src\\configStore.js","statementMap":{"0":{"start":{"line":1,"column":13},"end":{"line":1,"column":75}},"1":{"start":{"line":1,"column":88},"end":{"line":1,"column":104}},"2":{"start":{"line":2,"column":16},"end":{"line":2,"column":45}},"3":{"start":{"line":3,"column":19},"end":{"line":3,"column":42}},"4":{"start":{"line":4,"column":18},"end":{"line":4,"column":40}},"5":{"start":{"line":4,"column":60},"end":{"line":4,"column":95}},"6":{"start":{"line":5,"column":20},"end":{"line":5,"column":44}},"7":{"start":{"line":6,"column":15},"end":{"line":6,"column":51}},"8":{"start":{"line":6,"column":68},"end":{"line":6,"column":100}},"9":{"start":{"line":6,"column":139},"end":{"line":6,"column":193}},"10":{"start":{"line":9,"column":25},"end":{"line":9,"column":57}},"11":{"start":{"line":12,"column":22},"end":{"line":14,"column":30}},"12":{"start":{"line":17,"column":25},"end":{"line":17,"column":96}},"13":{"start":{"line":22,"column":16},"end":{"line":26,"column":20}},"14":{"start":{"line":29,"column":20},"end":{"line":29,"column":58}},"15":{"start":{"line":30,"column":2},"end":{"line":30,"column":30}},"16":{"start":{"line":31,"column":1},"end":{"line":33,"column":15}}},"fnMap":{"0":{"name":"_interopRequireDefault","decl":{"start":{"line":6,"column":110},"end":{"line":6,"column":132}},"loc":{"start":{"line":6,"column":138},"end":{"line":6,"column":194}},"line":6},"1":{"name":"configureStore","decl":{"start":{"line":21,"column":9},"end":{"line":21,"column":23}},"loc":{"start":{"line":21,"column":26},"end":{"line":31,"column":1}},"line":21}},"branchMap":{"0":{"loc":{"start":{"line":6,"column":146},"end":{"line":6,"column":192}},"type":"cond-expr","locations":[{"start":{"line":6,"column":170},"end":{"line":6,"column":173}},{"start":{"line":6,"column":176},"end":{"line":6,"column":192}}],"line":6},"1":{"loc":{"start":{"line":6,"column":146},"end":{"line":6,"column":167}},"type":"binary-expr","locations":[{"start":{"line":6,"column":146},"end":{"line":6,"column":149}},{"start":{"line":6,"column":153},"end":{"line":6,"column":167}}],"line":6}},"s":{"0":0,"1":0,"2":0,"3":0,"4":0,"5":0,"6":0,"7":0,"8":0,"9":0,"10":0,"11":0,"12":0,"13":0,"14":0,"15":0,"16":0},"f":{"0":0,"1":0},"b":{"0":[0,0],"1":[0,0]}}
,"C:\\Users\\Y\\Desktop\\BikesApp\\src\\index.js": {"path":"C:\\Users\\Y\\Desktop\\BikesApp\\src\\index.js","statementMap":{"0":{"start":{"line":1,"column":32},"end":{"line":1,"column":80}},"1":{"start":{"line":1,"column":94},"end":{"line":1,"column":110}},"2":{"start":{"line":1,"column":125},"end":{"line":1,"column":155}},"3":{"start":{"line":2,"column":16},"end":{"line":2,"column":36}},"4":{"start":{"line":2,"column":54},"end":{"line":2,"column":87}},"5":{"start":{"line":3,"column":11},"end":{"line":3,"column":38}},"6":{"start":{"line":3,"column":51},"end":{"line":3,"column":79}},"7":{"start":{"line":4,"column":18},"end":{"line":4,"column":40}},"8":{"start":{"line":5,"column":19},"end":{"line":5,"column":43}},"9":{"start":{"line":5,"column":64},"end":{"line":5,"column":100}},"10":{"start":{"line":6,"column":29},"end":{"line":6,"column":71}},"11":{"start":{"line":6,"column":102},"end":{"line":6,"column":148}},"12":{"start":{"line":7,"column":0},"end":{"line":7,"column":30}},"13":{"start":{"line":8,"column":14},"end":{"line":8,"column":56}},"14":{"start":{"line":8,"column":95},"end":{"line":8,"column":149}},"15":{"start":{"line":11,"column":22},"end":{"line":11,"column":50}},"16":{"start":{"line":11,"column":65},"end":{"line":11,"column":86}},"17":{"start":{"line":11,"column":99},"end":{"line":11,"column":124}},"18":{"start":{"line":14,"column":18},"end":{"line":14,"column":49}},"19":{"start":{"line":17,"column":0},"end":{"line":23,"column":11}},"20":{"start":{"line":27,"column":0},"end":{"line":27,"column":39}}},"fnMap":{"0":{"name":"_interopRequireDefault","decl":{"start":{"line":8,"column":66},"end":{"line":8,"column":88}},"loc":{"start":{"line":8,"column":94},"end":{"line":8,"column":150}},"line":8}},"branchMap":{"0":{"loc":{"start":{"line":8,"column":102},"end":{"line":8,"column":148}},"type":"cond-expr","locations":[{"start":{"line":8,"column":126},"end":{"line":8,"column":129}},{"start":{"line":8,"column":132},"end":{"line":8,"column":148}}],"line":8},"1":{"loc":{"start":{"line":8,"column":102},"end":{"line":8,"column":123}},"type":"binary-expr","locations":[{"start":{"line":8,"column":102},"end":{"line":8,"column":105}},{"start":{"line":8,"column":109},"end":{"line":8,"column":123}}],"line":8}},"s":{"0":0,"1":0,"2":0,"3":0,"4":0,"5":0,"6":0,"7":0,"8":0,"9":0,"10":0,"11":0,"12":0,"13":0,"14":0,"15":0,"16":0,"17":0,"18":0,"19":0,"20":0},"f":{"0":0},"b":{"0":[0,0],"1":[0,0]}}
,"C:\\Users\\Y\\Desktop\\BikesApp\\src\\setupTests.js": {"path":"C:\\Users\\Y\\Desktop\\BikesApp\\src\\setupTests.js","statementMap":{"0":{"start":{"line":4,"column":0},"end":{"line":4,"column":38}}},"fnMap":{},"branchMap":{},"s":{"0":4},"f":{},"b":{},"_coverageSchema":"332fd63041d2c1bcb487cc26dd0d5f7d97098a6c","hash":"13b26601ed21d76b3d7e4f128d3a561547a2c3fc"}
,"C:\\Users\\Y\\Desktop\\BikesApp\\src\\components\\BikeCard.js": {"path":"C:\\Users\\Y\\Desktop\\BikesApp\\src\\components\\BikeCard.js","statementMap":{"0":{"start":{"line":20,"column":22},"end":{"line":34,"column":1}},"1":{"start":{"line":38,"column":15},"end":{"line":67,"column":2}},"2":{"start":{"line":38,"column":25},"end":{"line":67,"column":1}},"3":{"start":{"line":79,"column":8},"end":{"line":79,"column":18}},"4":{"start":{"line":81,"column":4},"end":{"line":107,"column":5}},"5":{"start":{"line":116,"column":0},"end":{"line":116,"column":35}}},"fnMap":{"0":{"name":"(anonymous_0)","decl":{"start":{"line":38,"column":15},"end":{"line":38,"column":16}},"loc":{"start":{"line":38,"column":25},"end":{"line":67,"column":1}},"line":38},"1":{"name":"(anonymous_1)","decl":{"start":{"line":71,"column":2},"end":{"line":71,"column":3}},"loc":{"start":{"line":71,"column":11},"end":{"line":108,"column":3}},"line":71}},"branchMap":{},"s":{"0":1,"1":1,"2":0,"3":0,"4":0,"5":1},"f":{"0":0,"1":0},"b":{},"_coverageSchema":"332fd63041d2c1bcb487cc26dd0d5f7d97098a6c","hash":"11c95a8575be7644953b309a4eb4c72d80598b33"}
,"C:\\Users\\Y\\Desktop\\BikesApp\\src\\components\\FilterBikes.js": {"path":"C:\\Users\\Y\\Desktop\\BikesApp\\src\\components\\FilterBikes.js","statementMap":{"0":{"start":{"line":15,"column":18},"end":{"line":30,"column":1}},"1":{"start":{"line":34,"column":21},"end":{"line":38,"column":1}},"2":{"start":{"line":44,"column":4},"end":{"line":44,"column":17}},"3":{"start":{"line":45,"column":4},"end":{"line":45,"column":36}},"4":{"start":{"line":49,"column":4},"end":{"line":49,"column":53}},"5":{"start":{"line":53,"column":4},"end":{"line":53,"column":38}},"6":{"start":{"line":57,"column":4},"end":{"line":60,"column":6}},"7":{"start":{"line":61,"column":4},"end":{"line":61,"column":31}},"8":{"start":{"line":65,"column":25},"end":{"line":65,"column":35}},"9":{"start":{"line":66,"column":35},"end":{"line":66,"column":45}},"10":{"start":{"line":68,"column":4},"end":{"line":97,"column":6}},"11":{"start":{"line":83,"column":46},"end":{"line":83,"column":84}},"12":{"start":{"line":88,"column":14},"end":{"line":92,"column":15}},"13":{"start":{"line":89,"column":52},"end":{"line":89,"column":88}},"14":{"start":{"line":103,"column":0},"end":{"line":103,"column":34}},"15":{"start":{"line":104,"column":0},"end":{"line":104,"column":40}}},"fnMap":{"0":{"name":"(anonymous_0)","decl":{"start":{"line":37,"column":17},"end":{"line":37,"column":18}},"loc":{"start":{"line":37,"column":23},"end":{"line":37,"column":25}},"line":37},"1":{"name":"(anonymous_1)","decl":{"start":{"line":43,"column":2},"end":{"line":43,"column":3}},"loc":{"start":{"line":43,"column":21},"end":{"line":46,"column":3}},"line":43},"2":{"name":"(anonymous_2)","decl":{"start":{"line":48,"column":16},"end":{"line":48,"column":17}},"loc":{"start":{"line":48,"column":27},"end":{"line":50,"column":3}},"line":48},"3":{"name":"(anonymous_3)","decl":{"start":{"line":52,"column":16},"end":{"line":52,"column":17}},"loc":{"start":{"line":52,"column":25},"end":{"line":54,"column":3}},"line":52},"4":{"name":"(anonymous_4)","decl":{"start":{"line":56,"column":24},"end":{"line":56,"column":25}},"loc":{"start":{"line":56,"column":40},"end":{"line":62,"column":3}},"line":56},"5":{"name":"(anonymous_5)","decl":{"start":{"line":64,"column":2},"end":{"line":64,"column":3}},"loc":{"start":{"line":64,"column":11},"end":{"line":98,"column":3}},"line":64},"6":{"name":"(anonymous_6)","decl":{"start":{"line":83,"column":37},"end":{"line":83,"column":38}},"loc":{"start":{"line":83,"column":46},"end":{"line":83,"column":84}},"line":83},"7":{"name":"(anonymous_7)","decl":{"start":{"line":87,"column":27},"end":{"line":87,"column":28}},"loc":{"start":{"line":87,"column":39},"end":{"line":93,"column":13}},"line":87},"8":{"name":"(anonymous_8)","decl":{"start":{"line":89,"column":43},"end":{"line":89,"column":44}},"loc":{"start":{"line":89,"column":52},"end":{"line":89,"column":88}},"line":89}},"branchMap":{"0":{"loc":{"start":{"line":71,"column":21},"end":{"line":71,"column":52}},"type":"cond-expr","locations":[{"start":{"line":71,"column":32},"end":{"line":71,"column":45}},{"start":{"line":71,"column":48},"end":{"line":71,"column":52}}],"line":71}},"s":{"0":2,"1":2,"2":1,"3":1,"4":0,"5":0,"6":0,"7":0,"8":1,"9":1,"10":1,"11":0,"12":0,"13":0,"14":2,"15":2},"f":{"0":0,"1":1,"2":0,"3":0,"4":0,"5":1,"6":0,"7":0,"8":0},"b":{"0":[0,1]},"_coverageSchema":"332fd63041d2c1bcb487cc26dd0d5f7d97098a6c","hash":"3e067d29512ec59d155ed64f235096a076c6d388"}
,"C:\\Users\\Y\\Desktop\\BikesApp\\src\\containers\\App.js": {"path":"C:\\Users\\Y\\Desktop\\BikesApp\\src\\containers\\App.js","statementMap":{"0":{"start":{"line":8,"column":4},"end":{"line":25,"column":6}}},"fnMap":{"0":{"name":"(anonymous_0)","decl":{"start":{"line":7,"column":2},"end":{"line":7,"column":3}},"loc":{"start":{"line":7,"column":11},"end":{"line":26,"column":3}},"line":7}},"branchMap":{},"s":{"0":1},"f":{"0":1},"b":{},"_coverageSchema":"332fd63041d2c1bcb487cc26dd0d5f7d97098a6c","hash":"112dfb1d8acaed8aed5973aca68a82696f0230cf"}
,"C:\\Users\\Y\\Desktop\\BikesApp\\src\\containers\\Bikes.js": {"path":"C:\\Users\\Y\\Desktop\\BikesApp\\src\\containers\\Bikes.js","statementMap":{"0":{"start":{"line":20,"column":4},"end":{"line":20,"column":28}},"1":{"start":{"line":24,"column":77},"end":{"line":24,"column":87}},"2":{"start":{"line":26,"column":4},"end":{"line":28,"column":5}},"3":{"start":{"line":27,"column":6},"end":{"line":27,"column":47}},"4":{"start":{"line":30,"column":4},"end":{"line":32,"column":5}},"5":{"start":{"line":31,"column":6},"end":{"line":31,"column":35}},"6":{"start":{"line":34,"column":4},"end":{"line":55,"column":6}},"7":{"start":{"line":39,"column":34},"end":{"line":39,"column":53}},"8":{"start":{"line":43,"column":12},"end":{"line":51,"column":14}},"9":{"start":{"line":60,"column":24},"end":{"line":66,"column":2}},"10":{"start":{"line":60,"column":34},"end":{"line":66,"column":1}},"11":{"start":{"line":69,"column":27},"end":{"line":74,"column":1}},"12":{"start":{"line":70,"column":2},"end":{"line":73,"column":15}}},"fnMap":{"0":{"name":"(anonymous_0)","decl":{"start":{"line":19,"column":2},"end":{"line":19,"column":3}},"loc":{"start":{"line":19,"column":22},"end":{"line":21,"column":3}},"line":19},"1":{"name":"(anonymous_1)","decl":{"start":{"line":23,"column":2},"end":{"line":23,"column":3}},"loc":{"start":{"line":23,"column":11},"end":{"line":56,"column":3}},"line":23},"2":{"name":"(anonymous_2)","decl":{"start":{"line":39,"column":23},"end":{"line":39,"column":24}},"loc":{"start":{"line":39,"column":32},"end":{"line":39,"column":54}},"line":39},"3":{"name":"(anonymous_3)","decl":{"start":{"line":42,"column":24},"end":{"line":42,"column":25}},"loc":{"start":{"line":43,"column":12},"end":{"line":51,"column":14}},"line":43},"4":{"name":"(anonymous_4)","decl":{"start":{"line":60,"column":24},"end":{"line":60,"column":25}},"loc":{"start":{"line":60,"column":34},"end":{"line":66,"column":1}},"line":60},"5":{"name":"(anonymous_5)","decl":{"start":{"line":69,"column":27},"end":{"line":69,"column":28}},"loc":{"start":{"line":69,"column":39},"end":{"line":74,"column":1}},"line":69}},"branchMap":{"0":{"loc":{"start":{"line":26,"column":4},"end":{"line":28,"column":5}},"type":"if","locations":[{"start":{"line":26,"column":4},"end":{"line":28,"column":5}},{"start":{"line":26,"column":4},"end":{"line":28,"column":5}}],"line":26},"1":{"loc":{"start":{"line":30,"column":4},"end":{"line":32,"column":5}},"type":"if","locations":[{"start":{"line":30,"column":4},"end":{"line":32,"column":5}},{"start":{"line":30,"column":4},"end":{"line":32,"column":5}}],"line":30}},"s":{"0":0,"1":0,"2":0,"3":0,"4":0,"5":0,"6":0,"7":0,"8":0,"9":1,"10":0,"11":1,"12":0},"f":{"0":0,"1":0,"2":0,"3":0,"4":0,"5":0},"b":{"0":[0,0],"1":[0,0]},"_coverageSchema":"332fd63041d2c1bcb487cc26dd0d5f7d97098a6c","hash":"7708cbcc6c22e26b58432410f5502b9c53c53d22"}
,"C:\\Users\\Y\\Desktop\\BikesApp\\src\\manager\\actions.js": {"path":"C:\\Users\\Y\\Desktop\\BikesApp\\src\\manager\\actions.js","statementMap":{"0":{"start":{"line":2,"column":17},"end":{"line":2,"column":48}},"1":{"start":{"line":6,"column":32},"end":{"line":6,"column":50}},"2":{"start":{"line":7,"column":33},"end":{"line":7,"column":52}},"3":{"start":{"line":8,"column":35},"end":{"line":8,"column":56}},"4":{"start":{"line":9,"column":35},"end":{"line":9,"column":56}},"5":{"start":{"line":13,"column":30},"end":{"line":16,"column":2}},"6":{"start":{"line":13,"column":40},"end":{"line":16,"column":1}},"7":{"start":{"line":20,"column":31},"end":{"line":22,"column":2}},"8":{"start":{"line":20,"column":38},"end":{"line":22,"column":1}},"9":{"start":{"line":25,"column":33},"end":{"line":28,"column":2}},"10":{"start":{"line":25,"column":45},"end":{"line":28,"column":1}},"11":{"start":{"line":31,"column":33},"end":{"line":34,"column":2}},"12":{"start":{"line":31,"column":45},"end":{"line":34,"column":1}},"13":{"start":{"line":39,"column":2},"end":{"line":41,"column":3}},"14":{"start":{"line":40,"column":4},"end":{"line":40,"column":37}},"15":{"start":{"line":42,"column":2},"end":{"line":42,"column":18}},"16":{"start":{"line":47,"column":2},"end":{"line":47,"column":38}},"17":{"start":{"line":48,"column":2},"end":{"line":62,"column":4}},"18":{"start":{"line":50,"column":4},"end":{"line":50,"column":48}},"19":{"start":{"line":51,"column":4},"end":{"line":51,"column":32}},"20":{"start":{"line":53,"column":4},"end":{"line":61,"column":58}},"21":{"start":{"line":55,"column":19},"end":{"line":55,"column":29}},"22":{"start":{"line":57,"column":8},"end":{"line":57,"column":42}},"23":{"start":{"line":58,"column":8},"end":{"line":58,"column":41}},"24":{"start":{"line":59,"column":8},"end":{"line":59,"column":20}},"25":{"start":{"line":61,"column":22},"end":{"line":61,"column":56}}},"fnMap":{"0":{"name":"(anonymous_0)","decl":{"start":{"line":13,"column":30},"end":{"line":13,"column":31}},"loc":{"start":{"line":13,"column":40},"end":{"line":16,"column":1}},"line":13},"1":{"name":"(anonymous_1)","decl":{"start":{"line":20,"column":31},"end":{"line":20,"column":32}},"loc":{"start":{"line":20,"column":38},"end":{"line":22,"column":1}},"line":20},"2":{"name":"(anonymous_2)","decl":{"start":{"line":25,"column":33},"end":{"line":25,"column":34}},"loc":{"start":{"line":25,"column":45},"end":{"line":28,"column":1}},"line":25},"3":{"name":"(anonymous_3)","decl":{"start":{"line":31,"column":33},"end":{"line":31,"column":34}},"loc":{"start":{"line":31,"column":45},"end":{"line":34,"column":1}},"line":31},"4":{"name":"handleErrors","decl":{"start":{"line":38,"column":9},"end":{"line":38,"column":21}},"loc":{"start":{"line":38,"column":32},"end":{"line":43,"column":1}},"line":38},"5":{"name":"fetchBikes","decl":{"start":{"line":46,"column":16},"end":{"line":46,"column":26}},"loc":{"start":{"line":46,"column":29},"end":{"line":63,"column":1}},"line":46},"6":{"name":"(anonymous_6)","decl":{"start":{"line":48,"column":9},"end":{"line":48,"column":10}},"loc":{"start":{"line":48,"column":21},"end":{"line":62,"column":3}},"line":48},"7":{"name":"(anonymous_7)","decl":{"start":{"line":55,"column":12},"end":{"line":55,"column":13}},"loc":{"start":{"line":55,"column":19},"end":{"line":55,"column":29}},"line":55},"8":{"name":"(anonymous_8)","decl":{"start":{"line":56,"column":12},"end":{"line":56,"column":13}},"loc":{"start":{"line":56,"column":20},"end":{"line":60,"column":7}},"line":56},"9":{"name":"(anonymous_9)","decl":{"start":{"line":61,"column":13},"end":{"line":61,"column":14}},"loc":{"start":{"line":61,"column":22},"end":{"line":61,"column":56}},"line":61}},"branchMap":{"0":{"loc":{"start":{"line":39,"column":2},"end":{"line":41,"column":3}},"type":"if","locations":[{"start":{"line":39,"column":2},"end":{"line":41,"column":3}},{"start":{"line":39,"column":2},"end":{"line":41,"column":3}}],"line":39}},"s":{"0":2,"1":2,"2":2,"3":2,"4":2,"5":2,"6":1,"7":2,"8":0,"9":2,"10":0,"11":2,"12":1,"13":0,"14":0,"15":0,"16":0,"17":0,"18":0,"19":0,"20":0,"21":0,"22":0,"23":0,"24":0,"25":0},"f":{"0":1,"1":0,"2":0,"3":1,"4":0,"5":0,"6":0,"7":0,"8":0,"9":0},"b":{"0":[0,0]},"_coverageSchema":"332fd63041d2c1bcb487cc26dd0d5f7d97098a6c","hash":"3272ca3842bdcc9249834eadca2c380e06ab95f0"}
,"C:\\Users\\Y\\Desktop\\BikesApp\\src\\manager\\reducers.js": {"path":"C:\\Users\\Y\\Desktop\\BikesApp\\src\\manager\\reducers.js","statementMap":{"0":{"start":{"line":1,"column":13},"end":{"line":1,"column":75}},"1":{"start":{"line":1,"column":75},"end":{"line":1,"column":108}},"2":{"start":{"line":1,"column":108},"end":{"line":21,"column":26}},"3":{"start":{"line":21,"column":41},"end":{"line":21,"column":61}},"4":{"start":{"line":22,"column":21},"end":{"line":23,"column":1}},"5":{"start":{"line":24,"column":52},"end":{"line":32,"column":20}},"6":{"start":{"line":24,"column":106},"end":{"line":24,"column":134}},"7":{"start":{"line":26,"column":6},"end":{"line":26,"column":44}},"8":{"start":{"line":28,"column":6},"end":{"line":28,"column":44}},"9":{"start":{"line":30,"column":6},"end":{"line":30,"column":43}},"10":{"start":{"line":32,"column":6},"end":{"line":32,"column":19}},"11":{"start":{"line":38,"column":22},"end":{"line":44,"column":1}},"12":{"start":{"line":39,"column":2},"end":{"line":42,"column":19}},"13":{"start":{"line":47,"column":24},"end":{"line":53,"column":1}},"14":{"start":{"line":48,"column":2},"end":{"line":51,"column":29}},"15":{"start":{"line":56,"column":24},"end":{"line":62,"column":1}},"16":{"start":{"line":57,"column":2},"end":{"line":60,"column":29}},"17":{"start":{"line":65,"column":23},"end":{"line":70,"column":1}},"18":{"start":{"line":66,"column":2},"end":{"line":68,"column":30}}},"fnMap":{"0":{"name":"rootReducer","decl":{"start":{"line":24,"column":9},"end":{"line":24,"column":20}},"loc":{"start":{"line":24,"column":51},"end":{"line":34,"column":1}},"line":24},"1":{"name":"(anonymous_1)","decl":{"start":{"line":38,"column":22},"end":{"line":38,"column":23}},"loc":{"start":{"line":38,"column":31},"end":{"line":44,"column":1}},"line":38},"2":{"name":"(anonymous_2)","decl":{"start":{"line":47,"column":24},"end":{"line":47,"column":25}},"loc":{"start":{"line":47,"column":43},"end":{"line":53,"column":1}},"line":47},"3":{"name":"(anonymous_3)","decl":{"start":{"line":56,"column":24},"end":{"line":56,"column":25}},"loc":{"start":{"line":56,"column":43},"end":{"line":62,"column":1}},"line":56},"4":{"name":"(anonymous_4)","decl":{"start":{"line":65,"column":23},"end":{"line":65,"column":24}},"loc":{"start":{"line":65,"column":42},"end":{"line":70,"column":1}},"line":65}},"branchMap":{"0":{"loc":{"start":{"line":24,"column":21},"end":{"line":24,"column":41}},"type":"default-arg","locations":[{"start":{"line":24,"column":29},"end":{"line":24,"column":41}}],"line":24},"1":{"loc":{"start":{"line":24,"column":52},"end":{"line":32,"column":20}},"type":"switch","locations":[{"start":{"line":24,"column":74},"end":{"line":24,"column":134}},{"start":{"line":25,"column":4},"end":{"line":26,"column":44}},{"start":{"line":27,"column":4},"end":{"line":28,"column":44}},{"start":{"line":29,"column":4},"end":{"line":30,"column":43}},{"start":{"line":31,"column":4},"end":{"line":32,"column":19}}],"line":24}},"s":{"0":0,"1":0,"2":0,"3":0,"4":0,"5":0,"6":0,"7":0,"8":0,"9":0,"10":0,"11":0,"12":0,"13":0,"14":0,"15":0,"16":0,"17":0,"18":0},"f":{"0":0,"1":0,"2":0,"3":0,"4":0},"b":{"0":[0],"1":[0,0,0,0,0]}}
,"C:\\Users\\Y\\Desktop\\BikesApp\\src\\manager\\registerServiceWorker.js": {"path":"C:\\Users\\Y\\Desktop\\BikesApp\\src\\manager\\registerServiceWorker.js","statementMap":{"0":{"start":{"line":1,"column":13},"end":{"line":1,"column":75}},"1":{"start":{"line":1,"column":75},"end":{"line":21,"column":9}},"2":{"start":{"line":21,"column":9},"end":{"line":111,"column":24}},"3":{"start":{"line":118,"column":20},"end":{"line":120,"column":89}},"4":{"start":{"line":120,"column":111},"end":{"line":128,"column":36}},"5":{"start":{"line":121,"column":22},"end":{"line":121,"column":70}},"6":{"start":{"line":121,"column":71},"end":{"line":124,"column":14}},"7":{"start":{"line":124,"column":6},"end":{"line":124,"column":13}},"8":{"start":{"line":124,"column":14},"end":{"line":128,"column":35}},"9":{"start":{"line":124,"column":67},"end":{"line":124,"column":112}},"10":{"start":{"line":124,"column":113},"end":{"line":128,"column":32}},"11":{"start":{"line":125,"column":8},"end":{"line":125,"column":39}},"12":{"start":{"line":127,"column":8},"end":{"line":127,"column":178}},"13":{"start":{"line":127,"column":50},"end":{"line":127,"column":175}},"14":{"start":{"line":128,"column":8},"end":{"line":128,"column":31}},"15":{"start":{"line":128,"column":70},"end":{"line":135,"column":156}},"16":{"start":{"line":128,"column":132},"end":{"line":135,"column":68}},"17":{"start":{"line":128,"column":193},"end":{"line":128,"column":216}},"18":{"start":{"line":128,"column":217},"end":{"line":135,"column":66}},"19":{"start":{"line":128,"column":257},"end":{"line":135,"column":64}},"20":{"start":{"line":128,"column":302},"end":{"line":135,"column":63}},"21":{"start":{"line":132,"column":12},"end":{"line":132,"column":69}},"22":{"start":{"line":135,"column":12},"end":{"line":135,"column":62}},"23":{"start":{"line":135,"column":87},"end":{"line":135,"column":153}},"24":{"start":{"line":136,"column":2},"end":{"line":139,"column":126}},"25":{"start":{"line":137,"column":4},"end":{"line":139,"column":30}},"26":{"start":{"line":138,"column":6},"end":{"line":138,"column":127}},"27":{"start":{"line":138,"column":58},"end":{"line":138,"column":124}},"28":{"start":{"line":138,"column":96},"end":{"line":138,"column":121}},"29":{"start":{"line":139,"column":6},"end":{"line":139,"column":29}},"30":{"start":{"line":139,"column":46},"end":{"line":139,"column":123}},"31":{"start":{"line":139,"column":150},"end":{"line":139,"column":267}},"32":{"start":{"line":139,"column":185},"end":{"line":139,"column":266}},"33":{"start":{"line":139,"column":237},"end":{"line":139,"column":263}}},"fnMap":{"0":{"name":"register","decl":{"start":{"line":120,"column":99},"end":{"line":120,"column":107}},"loc":{"start":{"line":120,"column":110},"end":{"line":128,"column":37}},"line":120},"1":{"name":"(anonymous_1)","decl":{"start":{"line":124,"column":46},"end":{"line":124,"column":47}},"loc":{"start":{"line":124,"column":52},"end":{"line":128,"column":33}},"line":124},"2":{"name":"(anonymous_2)","decl":{"start":{"line":127,"column":43},"end":{"line":127,"column":44}},"loc":{"start":{"line":127,"column":49},"end":{"line":127,"column":176}},"line":127},"3":{"name":"registerValidSW","decl":{"start":{"line":128,"column":46},"end":{"line":128,"column":61}},"loc":{"start":{"line":128,"column":69},"end":{"line":135,"column":157}},"line":128},"4":{"name":"(anonymous_4)","decl":{"start":{"line":128,"column":115},"end":{"line":128,"column":116}},"loc":{"start":{"line":128,"column":131},"end":{"line":135,"column":69}},"line":128},"5":{"name":"(anonymous_5)","decl":{"start":{"line":128,"column":161},"end":{"line":128,"column":162}},"loc":{"start":{"line":128,"column":167},"end":{"line":135,"column":67}},"line":128},"6":{"name":"(anonymous_6)","decl":{"start":{"line":128,"column":250},"end":{"line":128,"column":251}},"loc":{"start":{"line":128,"column":256},"end":{"line":135,"column":65}},"line":128},"7":{"name":"(anonymous_7)","decl":{"start":{"line":135,"column":77},"end":{"line":135,"column":78}},"loc":{"start":{"line":135,"column":86},"end":{"line":135,"column":154}},"line":135},"8":{"name":"checkValidServiceWorker","decl":{"start":{"line":135,"column":166},"end":{"line":135,"column":189}},"loc":{"start":{"line":135,"column":197},"end":{"line":139,"column":127}},"line":135},"9":{"name":"(anonymous_9)","decl":{"start":{"line":136,"column":20},"end":{"line":136,"column":21}},"loc":{"start":{"line":136,"column":32},"end":{"line":139,"column":31}},"line":136},"10":{"name":"(anonymous_10)","decl":{"start":{"line":138,"column":41},"end":{"line":138,"column":42}},"loc":{"start":{"line":138,"column":57},"end":{"line":138,"column":125}},"line":138},"11":{"name":"(anonymous_11)","decl":{"start":{"line":138,"column":89},"end":{"line":138,"column":90}},"loc":{"start":{"line":138,"column":95},"end":{"line":138,"column":122}},"line":138},"12":{"name":"(anonymous_12)","decl":{"start":{"line":139,"column":39},"end":{"line":139,"column":40}},"loc":{"start":{"line":139,"column":45},"end":{"line":139,"column":124}},"line":139},"13":{"name":"unregister","decl":{"start":{"line":139,"column":136},"end":{"line":139,"column":146}},"loc":{"start":{"line":139,"column":149},"end":{"line":139,"column":268}},"line":139},"14":{"name":"(anonymous_14)","decl":{"start":{"line":139,"column":220},"end":{"line":139,"column":221}},"loc":{"start":{"line":139,"column":236},"end":{"line":139,"column":264}},"line":139}},"branchMap":{"0":{"loc":{"start":{"line":118,"column":28},"end":{"line":120,"column":88}},"type":"binary-expr","locations":[{"start":{"line":118,"column":28},"end":{"line":118,"column":68}},{"start":{"line":119,"column":0},"end":{"line":119,"column":36}},{"start":{"line":120,"column":0},"end":{"line":120,"column":88}}],"line":118},"1":{"loc":{"start":{"line":120,"column":111},"end":{"line":128,"column":36}},"type":"if","locations":[{"start":{"line":120,"column":111},"end":{"line":128,"column":36}},{"start":{"line":120,"column":111},"end":{"line":128,"column":36}}],"line":120},"2":{"loc":{"start":{"line":120,"column":115},"end":{"line":120,"column":184}},"type":"binary-expr","locations":[{"start":{"line":120,"column":115},"end":{"line":120,"column":152}},{"start":{"line":120,"column":156},"end":{"line":120,"column":184}}],"line":120},"3":{"loc":{"start":{"line":121,"column":71},"end":{"line":124,"column":14}},"type":"if","locations":[{"start":{"line":121,"column":71},"end":{"line":124,"column":14}},{"start":{"line":121,"column":71},"end":{"line":124,"column":14}}],"line":121},"4":{"loc":{"start":{"line":124,"column":113},"end":{"line":128,"column":32}},"type":"if","locations":[{"start":{"line":124,"column":113},"end":{"line":128,"column":32}},{"start":{"line":124,"column":113},"end":{"line":128,"column":32}}],"line":124},"5":{"loc":{"start":{"line":128,"column":257},"end":{"line":135,"column":64}},"type":"if","locations":[{"start":{"line":128,"column":257},"end":{"line":135,"column":64}},{"start":{"line":128,"column":257},"end":{"line":135,"column":64}}],"line":128},"6":{"loc":{"start":{"line":128,"column":302},"end":{"line":135,"column":63}},"type":"if","locations":[{"start":{"line":128,"column":302},"end":{"line":135,"column":63}},{"start":{"line":128,"column":302},"end":{"line":135,"column":63}}],"line":128},"7":{"loc":{"start":{"line":137,"column":4},"end":{"line":139,"column":30}},"type":"if","locations":[{"start":{"line":137,"column":4},"end":{"line":139,"column":30}},{"start":{"line":137,"column":4},"end":{"line":139,"column":30}}],"line":137},"8":{"loc":{"start":{"line":137,"column":8},"end":{"line":137,"column":100}},"type":"binary-expr","locations":[{"start":{"line":137,"column":8},"end":{"line":137,"column":31}},{"start":{"line":137,"column":35},"end":{"line":137,"column":100}}],"line":137},"9":{"loc":{"start":{"line":139,"column":150},"end":{"line":139,"column":267}},"type":"if","locations":[{"start":{"line":139,"column":150},"end":{"line":139,"column":267}},{"start":{"line":139,"column":150},"end":{"line":139,"column":267}}],"line":139}},"s":{"0":0,"1":0,"2":0,"3":0,"4":0,"5":0,"6":0,"7":0,"8":0,"9":0,"10":0,"11":0,"12":0,"13":0,"14":0,"15":0,"16":0,"17":0,"18":0,"19":0,"20":0,"21":0,"22":0,"23":0,"24":0,"25":0,"26":0,"27":0,"28":0,"29":0,"30":0,"31":0,"32":0,"33":0},"f":{"0":0,"1":0,"2":0,"3":0,"4":0,"5":0,"6":0,"7":0,"8":0,"9":0,"10":0,"11":0,"12":0,"13":0,"14":0},"b":{"0":[0,0,0],"1":[0,0],"2":[0,0],"3":[0,0],"4":[0,0],"5":[0,0],"6":[0,0],"7":[0,0],"8":[0,0],"9":[0,0]}}
,"C:\\Users\\Y\\Desktop\\BikesApp\\src\\manager\\selectors.js": {"path":"C:\\Users\\Y\\Desktop\\BikesApp\\src\\manager\\selectors.js","statementMap":{"0":{"start":{"line":4,"column":32},"end":{"line":14,"column":1}},"1":{"start":{"line":5,"column":19},"end":{"line":5,"column":21}},"2":{"start":{"line":6,"column":2},"end":{"line":12,"column":5}},"3":{"start":{"line":7,"column":4},"end":{"line":11,"column":6}},"4":{"start":{"line":8,"column":6},"end":{"line":10,"column":7}},"5":{"start":{"line":9,"column":8},"end":{"line":9,"column":28}},"6":{"start":{"line":13,"column":2},"end":{"line":13,"column":20}},"7":{"start":{"line":22,"column":32},"end":{"line":35,"column":1}},"8":{"start":{"line":23,"column":2},"end":{"line":25,"column":3}},"9":{"start":{"line":24,"column":4},"end":{"line":24,"column":29}},"10":{"start":{"line":26,"column":23},"end":{"line":26,"column":25}},"11":{"start":{"line":27,"column":2},"end":{"line":33,"column":5}},"12":{"start":{"line":28,"column":4},"end":{"line":32,"column":6}},"13":{"start":{"line":29,"column":6},"end":{"line":31,"column":7}},"14":{"start":{"line":30,"column":8},"end":{"line":30,"column":33}},"15":{"start":{"line":34,"column":2},"end":{"line":34,"column":24}},"16":{"start":{"line":41,"column":32},"end":{"line":43,"column":1}},"17":{"start":{"line":42,"column":2},"end":{"line":42,"column":21}}},"fnMap":{"0":{"name":"(anonymous_0)","decl":{"start":{"line":4,"column":32},"end":{"line":4,"column":33}},"loc":{"start":{"line":4,"column":43},"end":{"line":14,"column":1}},"line":4},"1":{"name":"(anonymous_1)","decl":{"start":{"line":6,"column":28},"end":{"line":6,"column":29}},"loc":{"start":{"line":6,"column":38},"end":{"line":12,"column":3}},"line":6},"2":{"name":"(anonymous_2)","decl":{"start":{"line":7,"column":23},"end":{"line":7,"column":24}},"loc":{"start":{"line":7,"column":30},"end":{"line":11,"column":5}},"line":7},"3":{"name":"(anonymous_3)","decl":{"start":{"line":22,"column":32},"end":{"line":22,"column":33}},"loc":{"start":{"line":22,"column":53},"end":{"line":35,"column":1}},"line":22},"4":{"name":"(anonymous_4)","decl":{"start":{"line":27,"column":28},"end":{"line":27,"column":29}},"loc":{"start":{"line":27,"column":38},"end":{"line":33,"column":3}},"line":27},"5":{"name":"(anonymous_5)","decl":{"start":{"line":28,"column":23},"end":{"line":28,"column":24}},"loc":{"start":{"line":28,"column":30},"end":{"line":32,"column":5}},"line":28},"6":{"name":"(anonymous_6)","decl":{"start":{"line":41,"column":32},"end":{"line":41,"column":33}},"loc":{"start":{"line":41,"column":43},"end":{"line":43,"column":1}},"line":41}},"branchMap":{"0":{"loc":{"start":{"line":8,"column":6},"end":{"line":10,"column":7}},"type":"if","locations":[{"start":{"line":8,"column":6},"end":{"line":10,"column":7}},{"start":{"line":8,"column":6},"end":{"line":10,"column":7}}],"line":8},"1":{"loc":{"start":{"line":23,"column":2},"end":{"line":25,"column":3}},"type":"if","locations":[{"start":{"line":23,"column":2},"end":{"line":25,"column":3}},{"start":{"line":23,"column":2},"end":{"line":25,"column":3}}],"line":23},"2":{"loc":{"start":{"line":29,"column":6},"end":{"line":31,"column":7}},"type":"if","locations":[{"start":{"line":29,"column":6},"end":{"line":31,"column":7}},{"start":{"line":29,"column":6},"end":{"line":31,"column":7}}],"line":29},"3":{"loc":{"start":{"line":29,"column":10},"end":{"line":29,"column":65}},"type":"binary-expr","locations":[{"start":{"line":29,"column":10},"end":{"line":29,"column":26}},{"start":{"line":29,"column":30},"end":{"line":29,"column":65}}],"line":29}},"s":{"0":2,"1":1,"2":1,"3":2,"4":4,"5":3,"6":1,"7":2,"8":3,"9":1,"10":2,"11":2,"12":4,"13":8,"14":3,"15":2,"16":2,"17":1},"f":{"0":1,"1":2,"2":4,"3":3,"4":4,"5":8,"6":1},"b":{"0":[3,1],"1":[1,2],"2":[3,5],"3":[8,3]},"_coverageSchema":"332fd63041d2c1bcb487cc26dd0d5f7d97098a6c","hash":"5b1a7bab98b8db572282c362f72c69d8ee7712d0"}
}
