TN:
SF:C:\Users\Y\Desktop\BikesApp\src\configStore.js
FN:13,_interopRequireDefault
FN:35,configureStore
FNF:2
FNH:0
FNDA:0,_interopRequireDefault
FNDA:0,configureStore
DA:1,0
DA:8,0
DA:9,0
DA:10,0
DA:11,0
DA:12,0
DA:13,0
DA:23,0
DA:25,0
DA:28,0
DA:36,0
DA:43,0
DA:44,0
DA:45,0
LF:14
LH:0
BRDA:13,0,0,0
BRDA:13,0,1,0
BRDA:13,1,0,0
BRDA:13,1,1,0
BRF:4
BRH:0
end_of_record
TN:
SF:C:\Users\Y\Desktop\BikesApp\src\index.js
FN:13,_interopRequireDefault
FNF:1
FNH:0
FNDA:0,_interopRequireDefault
DA:1,0
DA:6,0
DA:7,0
DA:8,0
DA:9,0
DA:10,0
DA:11,0
DA:12,0
DA:13,0
DA:23,0
DA:28,0
DA:33,0
DA:45,0
LF:13
LH:0
BRDA:13,0,0,0
BRDA:13,0,1,0
BRDA:13,1,0,0
BRDA:13,1,1,0
BRF:4
BRH:0
end_of_record
TN:
SF:C:\Users\Y\Desktop\BikesApp\src\setupTests.js
FNF:0
FNH:0
DA:10,8
LF:1
LH:1
BRF:0
BRH:0
end_of_record
TN:
SF:C:\Users\Y\Desktop\BikesApp\src\components\App.js
FN:16,(anonymous_0)
FNF:1
FNH:1
FNDA:1,(anonymous_0)
DA:17,1
LF:1
LH:1
BRF:0
BRH:0
end_of_record
TN:
SF:C:\Users\Y\Desktop\BikesApp\src\components\BikeCard.js
FN:39,(anonymous_0)
FN:72,(anonymous_1)
FNF:2
FNH:1
FNDA:1,(anonymous_0)
FNDA:0,(anonymous_1)
DA:21,3
DA:39,3
DA:80,0
DA:82,0
DA:117,3
LF:5
LH:3
BRF:0
BRH:0
end_of_record
TN:
SF:C:\Users\Y\Desktop\BikesApp\src\components\BikesList.js
FN:27,(anonymous_0)
FN:38,(anonymous_1)
FNF:2
FNH:1
FNDA:1,(anonymous_0)
FNDA:0,(anonymous_1)
DA:13,2
DA:22,2
DA:27,2
DA:28,1
DA:29,0
DA:32,1
DA:33,0
DA:36,1
DA:39,0
DA:54,2
DA:55,2
LF:11
LH:8
BRDA:28,0,0,0
BRDA:28,0,1,1
BRDA:32,1,0,0
BRDA:32,1,1,1
BRF:4
BRH:2
end_of_record
TN:
SF:C:\Users\Y\Desktop\BikesApp\src\components\FilterBikes.js
FN:38,(anonymous_0)
FN:44,(anonymous_1)
FN:49,(anonymous_2)
FN:53,(anonymous_3)
FN:57,(anonymous_4)
FN:66,(anonymous_5)
FN:85,(anonymous_6)
FN:89,(anonymous_7)
FN:91,(anonymous_8)
FNF:9
FNH:2
FNDA:0,(anonymous_0)
FNDA:1,(anonymous_1)
FNDA:0,(anonymous_2)
FNDA:0,(anonymous_3)
FNDA:0,(anonymous_4)
FNDA:1,(anonymous_5)
FNDA:0,(anonymous_6)
FNDA:0,(anonymous_7)
FNDA:0,(anonymous_8)
DA:16,2
DA:35,2
DA:45,1
DA:46,1
DA:50,0
DA:54,0
DA:58,0
DA:63,0
DA:67,1
DA:68,1
DA:70,1
DA:85,0
DA:90,0
DA:91,0
DA:105,2
DA:106,2
LF:16
LH:9
BRDA:73,0,0,0
BRDA:73,0,1,1
BRF:2
BRH:1
end_of_record
TN:
SF:C:\Users\Y\Desktop\BikesApp\src\components\GridWrapper.js
FN:29,(anonymous_0)
FN:36,(anonymous_1)
FN:40,(anonymous_2)
FNF:3
FNH:1
FNDA:1,(anonymous_0)
FNDA:0,(anonymous_1)
FNDA:0,(anonymous_2)
DA:16,3
DA:29,3
DA:36,3
DA:37,0
DA:41,0
DA:53,3
LF:6
LH:4
BRF:0
BRH:0
end_of_record
TN:
SF:C:\Users\Y\Desktop\BikesApp\src\containers\BikesContainer.js
FN:27,(anonymous_0)
FN:31,(anonymous_1)
FN:42,(anonymous_2)
FN:51,(anonymous_3)
FNF:4
FNH:0
FNDA:0,(anonymous_0)
FNDA:0,(anonymous_1)
FNDA:0,(anonymous_2)
FNDA:0,(anonymous_3)
DA:28,0
DA:32,0
DA:42,1
DA:51,1
DA:52,0
LF:5
LH:2
BRF:0
BRH:0
end_of_record
TN:
SF:C:\Users\Y\Desktop\BikesApp\src\manager\actions.js
FN:25,(anonymous_0)
FN:34,(anonymous_1)
FN:41,(anonymous_2)
FN:49,(anonymous_3)
FN:58,handleErrors
FN:72,fetchBikes
FN:73,(anonymous_6)
FN:77,(anonymous_7)
FN:78,(anonymous_8)
FN:82,(anonymous_9)
FNF:10
FNH:5
FNDA:1,(anonymous_0)
FNDA:1,(anonymous_1)
FNDA:1,(anonymous_2)
FNDA:2,(anonymous_3)
FNDA:2,handleErrors
FNDA:0,fetchBikes
FNDA:0,(anonymous_6)
FNDA:0,(anonymous_7)
FNDA:0,(anonymous_8)
FNDA:0,(anonymous_9)
DA:11,4
DA:16,4
DA:17,4
DA:18,4
DA:19,4
DA:25,4
DA:34,4
DA:41,4
DA:49,4
DA:59,2
DA:60,1
DA:62,1
DA:73,0
DA:74,0
DA:75,0
DA:77,0
DA:79,0
DA:80,0
DA:82,0
LF:19
LH:12
BRDA:59,0,0,1
BRDA:59,0,1,1
BRF:2
BRH:2
end_of_record
TN:
SF:C:\Users\Y\Desktop\BikesApp\src\manager\reducers.js
FN:36,rootReducer
FN:55,(anonymous_1)
FN:66,(anonymous_2)
FN:77,(anonymous_3)
FN:88,(anonymous_4)
FNF:5
FNH:5
FNDA:8,rootReducer
FNDA:2,(anonymous_1)
FNDA:2,(anonymous_2)
FNDA:2,(anonymous_3)
FNDA:1,(anonymous_4)
DA:19,2
DA:37,8
DA:39,2
DA:41,2
DA:43,2
DA:45,1
DA:47,1
DA:55,2
DA:56,2
DA:66,2
DA:67,2
DA:77,2
DA:78,2
DA:88,2
DA:89,1
LF:15
LH:15
BRDA:36,0,0,1
BRDA:37,1,0,2
BRDA:37,1,1,2
BRDA:37,1,2,2
BRDA:37,1,3,1
BRDA:37,1,4,1
BRF:6
BRH:6
end_of_record
TN:
SF:C:\Users\Y\Desktop\BikesApp\src\manager\registerServiceWorker.js
FN:128,register
FN:132,(anonymous_1)
FN:135,(anonymous_2)
FN:136,registerValidSW
FN:136,(anonymous_4)
FN:136,(anonymous_5)
FN:136,(anonymous_6)
FN:143,(anonymous_7)
FN:143,checkValidServiceWorker
FN:144,(anonymous_9)
FN:146,(anonymous_10)
FN:146,(anonymous_11)
FN:147,(anonymous_12)
FN:147,unregister
FN:147,(anonymous_14)
FNF:15
FNH:0
FNDA:0,register
FNDA:0,(anonymous_1)
FNDA:0,(anonymous_2)
FNDA:0,registerValidSW
FNDA:0,(anonymous_4)
FNDA:0,(anonymous_5)
FNDA:0,(anonymous_6)
FNDA:0,(anonymous_7)
FNDA:0,checkValidServiceWorker
FNDA:0,(anonymous_9)
FNDA:0,(anonymous_10)
FNDA:0,(anonymous_11)
FNDA:0,(anonymous_12)
FNDA:0,unregister
FNDA:0,(anonymous_14)
DA:1,0
DA:26,0
DA:126,0
DA:128,0
DA:129,0
DA:132,0
DA:133,0
DA:135,0
DA:136,0
DA:140,0
DA:143,0
DA:144,0
DA:145,0
DA:146,0
DA:147,0
LF:15
LH:0
BRDA:126,0,0,0
BRDA:126,0,1,0
BRDA:126,0,2,0
BRDA:128,1,0,0
BRDA:128,1,1,0
BRDA:128,2,0,0
BRDA:128,2,1,0
BRDA:129,3,0,0
BRDA:129,3,1,0
BRDA:132,4,0,0
BRDA:132,4,1,0
BRDA:136,5,0,0
BRDA:136,5,1,0
BRDA:136,6,0,0
BRDA:136,6,1,0
BRDA:145,7,0,0
BRDA:145,7,1,0
BRDA:145,8,0,0
BRDA:145,8,1,0
BRDA:147,9,0,0
BRDA:147,9,1,0
BRF:21
BRH:0
end_of_record
TN:
SF:C:\Users\Y\Desktop\BikesApp\src\manager\selectors.js
FN:10,(anonymous_0)
FN:12,(anonymous_1)
FN:13,(anonymous_2)
FN:28,(anonymous_3)
FN:33,(anonymous_4)
FN:34,(anonymous_5)
FN:47,(anonymous_6)
FNF:7
FNH:7
FNDA:2,(anonymous_0)
FNDA:2,(anonymous_1)
FNDA:4,(anonymous_2)
FNDA:3,(anonymous_3)
FNDA:4,(anonymous_4)
FNDA:8,(anonymous_5)
FNDA:1,(anonymous_6)
DA:10,2
DA:11,2
DA:12,2
DA:13,2
DA:14,4
DA:15,3
DA:19,2
DA:28,2
DA:29,3
DA:30,1
DA:32,2
DA:33,2
DA:34,4
DA:35,8
DA:36,3
DA:40,2
DA:47,2
DA:48,1
LF:18
LH:18
BRDA:14,0,0,3
BRDA:14,0,1,1
BRDA:29,1,0,1
BRDA:29,1,1,2
BRDA:35,2,0,3
BRDA:35,2,1,5
BRDA:35,3,0,8
BRDA:35,3,1,3
BRF:8
BRH:8
end_of_record
